#
# There is insufficient memory for the Java Runtime Environment to continue.
# Native memory allocation (malloc) failed to allocate 1861616 bytes for Chunk::new
# Possible reasons:
#   The system is out of physical RAM or swap space
#   The process is running with CompressedOops enabled, and the Java Heap may be blocking the growth of the native heap
# Possible solutions:
#   Reduce memory load on the system
#   Increase physical memory or swap space
#   Check if swap backing store is full
#   Decrease Java heap size (-Xmx/-Xms)
#   Decrease number of Java threads
#   Decrease Java thread stack sizes (-Xss)
#   Set larger code cache with -XX:ReservedCodeCacheSize=
#   JVM is running with Zero Based Compressed Oops mode in which the Java heap is
#     placed in the first 32GB address space. The Java Heap base address is the
#     maximum limit for the native heap growth. Please use -XX:HeapBaseMinAddress
#     to set the Java Heap base and to place the Java Heap above 32GB virtual address.
# This output file may be truncated or incomplete.
#
#  Out of Memory Error (arena.cpp:189), pid=12660, tid=16100
#
# JRE version: OpenJDK Runtime Environment Temurin-17.0.3+7 (17.0.3+7) (build 17.0.3+7)
# Java VM: OpenJDK 64-Bit Server VM Temurin-17.0.3+7 (17.0.3+7, mixed mode, tiered, compressed oops, compressed class ptrs, g1 gc, windows-amd64)
# No core dump will be written. Minidumps are not enabled by default on client versions of Windows
#

---------------  S U M M A R Y ------------

Command Line: -ea -Dfile.encoding=UTF-8 -XX:+ShowCodeDetailsInExceptionMessages org.testng.remote.RemoteTestNG -serport 60698 -protocol json -d C:\Users\shree\eclipse-workspace\Selenium1\test-output C:\Users\shree\AppData\Local\Temp\testng-eclipse--984037130\testng-customsuite.xml

Host: Intel(R) Core(TM) i3-10110U CPU @ 2.10GHz, 4 cores, 11G,  Windows 10 , 64 bit Build 19041 (10.0.19041.2913)
Time: Mon Sep 25 12:04:54 2023 Pacific Daylight Time elapsed time: 3.814233 seconds (0d 0h 0m 3s)

---------------  T H R E A D  ---------------

Current thread (0x0000014a3781e620):  JavaThread "C2 CompilerThread0" daemon [_thread_in_native, id=16100, stack(0x0000001f3d100000,0x0000001f3d200000)]


Current CompileTask:
C2:   3814 2120       4       java.lang.invoke.MethodType::makeImpl (109 bytes)

Stack: [0x0000001f3d100000,0x0000001f3d200000]
Native frames: (J=compiled Java code, j=interpreted, Vv=VM code, C=native code)
V  [jvm.dll+0x675efa]
V  [jvm.dll+0x830a24]
V  [jvm.dll+0x8321ce]
V  [jvm.dll+0x832833]
V  [jvm.dll+0x2454b5]
V  [jvm.dll+0xabd7b]
V  [jvm.dll+0xac30c]
V  [jvm.dll+0x3635d2]
V  [jvm.dll+0x32dca1]
V  [jvm.dll+0x32d14a]
V  [jvm.dll+0x218361]
V  [jvm.dll+0x217781]
V  [jvm.dll+0x1a3ccd]
V  [jvm.dll+0x227178]
V  [jvm.dll+0x2252bc]
V  [jvm.dll+0x7e673b]
V  [jvm.dll+0x7e0cfa]
V  [jvm.dll+0x674d85]
C  [ucrtbase.dll+0x21bb2]
C  [KERNEL32.DLL+0x17614]
C  [ntdll.dll+0x526a1]


---------------  P R O C E S S  ---------------

Threads class SMR info:
_java_thread_list=0x0000014a39d3a700, length=26, elements={
0x0000014a1b6547c0, 0x0000014a36e82890, 0x0000014a36e83980, 0x0000014a36e9e910,
0x0000014a378184f0, 0x0000014a378195d0, 0x0000014a37819f80, 0x0000014a3781e620,
0x0000014a37821cc0, 0x0000014a37845e90, 0x0000014a3798d760, 0x0000014a3798edf0,
0x0000014a3807c060, 0x0000014a39123b30, 0x0000014a39890d30, 0x0000014a3966e750,
0x0000014a3921da00, 0x0000014a3921ded0, 0x0000014a3921e3a0, 0x0000014a39743560,
0x0000014a39743090, 0x0000014a39742bc0, 0x0000014a39743a30, 0x0000014a39740a10,
0x0000014a39740ee0, 0x0000014a3979f570
}

Java Threads: ( => current thread )
  0x0000014a1b6547c0 JavaThread "Forwarding get on session c63c95953f49f87077ed37dff8e29b57 to remote" [_thread_blocked, id=13828, stack(0x0000001f3c400000,0x0000001f3c500000)]
  0x0000014a36e82890 JavaThread "Reference Handler" daemon [_thread_blocked, id=1768, stack(0x0000001f3cb00000,0x0000001f3cc00000)]
  0x0000014a36e83980 JavaThread "Finalizer" daemon [_thread_blocked, id=12912, stack(0x0000001f3cc00000,0x0000001f3cd00000)]
  0x0000014a36e9e910 JavaThread "Signal Dispatcher" daemon [_thread_blocked, id=19040, stack(0x0000001f3cd00000,0x0000001f3ce00000)]
  0x0000014a378184f0 JavaThread "Attach Listener" daemon [_thread_blocked, id=15892, stack(0x0000001f3ce00000,0x0000001f3cf00000)]
  0x0000014a378195d0 JavaThread "Service Thread" daemon [_thread_blocked, id=7856, stack(0x0000001f3cf00000,0x0000001f3d000000)]
  0x0000014a37819f80 JavaThread "Monitor Deflation Thread" daemon [_thread_blocked, id=16576, stack(0x0000001f3d000000,0x0000001f3d100000)]
=>0x0000014a3781e620 JavaThread "C2 CompilerThread0" daemon [_thread_in_native, id=16100, stack(0x0000001f3d100000,0x0000001f3d200000)]
  0x0000014a37821cc0 JavaThread "C1 CompilerThread0" daemon [_thread_blocked, id=12676, stack(0x0000001f3d200000,0x0000001f3d300000)]
  0x0000014a37845e90 JavaThread "Sweeper thread" daemon [_thread_blocked, id=19084, stack(0x0000001f3d300000,0x0000001f3d400000)]
  0x0000014a3798d760 JavaThread "Notification Thread" daemon [_thread_blocked, id=13152, stack(0x0000001f3d400000,0x0000001f3d500000)]
  0x0000014a3798edf0 JavaThread "Common-Cleaner" daemon [_thread_blocked, id=18564, stack(0x0000001f3d600000,0x0000001f3d700000)]
  0x0000014a3807c060 JavaThread "ReaderThread" [_thread_in_native, id=10408, stack(0x0000001f3d900000,0x0000001f3da00000)]
  0x0000014a39123b30 JavaThread "ForkJoinPool.commonPool-worker-1" daemon [_thread_blocked, id=16520, stack(0x0000001f3d700000,0x0000001f3d800000)]
  0x0000014a39890d30 JavaThread "AsyncHttpClient-1-1" daemon [_thread_blocked, id=8464, stack(0x0000001f3dd00000,0x0000001f3de00000)]
  0x0000014a3966e750 JavaThread "Exec Default Executor" daemon [_thread_in_native, id=17404, stack(0x0000001f3df00000,0x0000001f3e000000)]
  0x0000014a3921da00 JavaThread "Exec Stream Pumper" daemon [_thread_in_native, id=12712, stack(0x0000001f3e000000,0x0000001f3e100000)]
  0x0000014a3921ded0 JavaThread "Exec Stream Pumper" daemon [_thread_in_native, id=8540, stack(0x0000001f3e100000,0x0000001f3e200000)]
  0x0000014a3921e3a0 JavaThread "Driver Service Executor" daemon [_thread_blocked, id=3804, stack(0x0000001f3e200000,0x0000001f3e300000)]
  0x0000014a39743560 JavaThread "Driver Service Executor" daemon [_thread_blocked, id=15876, stack(0x0000001f3e300000,0x0000001f3e400000)]
  0x0000014a39743090 JavaThread "UrlChecker-2" daemon [_thread_blocked, id=13396, stack(0x0000001f3e400000,0x0000001f3e500000)]
  0x0000014a39742bc0 JavaThread "Keep-Alive-Timer" daemon [_thread_blocked, id=14724, stack(0x0000001f3de00000,0x0000001f3df00000)]
  0x0000014a39743a30 JavaThread "AsyncHttpClient-1-2" daemon [_thread_in_native, id=7996, stack(0x0000001f3e500000,0x0000001f3e600000)]
  0x0000014a39740a10 JavaThread "AsyncHttpClient-1-3" daemon [_thread_in_native, id=10332, stack(0x0000001f3e600000,0x0000001f3e700000)]
  0x0000014a39740ee0 JavaThread "AsyncHttpClient-1-4" daemon [_thread_in_native, id=7828, stack(0x0000001f3e700000,0x0000001f3e800000)]
  0x0000014a3979f570 JavaThread "C2 CompilerThread1" daemon [_thread_blocked, id=17308, stack(0x0000001f3e800000,0x0000001f3e900000)]

Other Threads:
  0x0000014a36e1bd30 VMThread "VM Thread" [stack: 0x0000001f3ca00000,0x0000001f3cb00000] [id=3140]
  0x0000014a1b6bf9b0 WatcherThread [stack: 0x0000001f3d500000,0x0000001f3d600000] [id=1628]
  0x0000014a1b6a8690 GCTaskThread "GC Thread#0" [stack: 0x0000001f3c500000,0x0000001f3c600000] [id=16532]
  0x0000014a37f36c00 GCTaskThread "GC Thread#1" [stack: 0x0000001f3da00000,0x0000001f3db00000] [id=7928]
  0x0000014a37f36eb0 GCTaskThread "GC Thread#2" [stack: 0x0000001f3db00000,0x0000001f3dc00000] [id=6816]
  0x0000014a37f37160 GCTaskThread "GC Thread#3" [stack: 0x0000001f3dc00000,0x0000001f3dd00000] [id=15840]
  0x0000014a1b6b5c20 ConcurrentGCThread "G1 Main Marker" [stack: 0x0000001f3c600000,0x0000001f3c700000] [id=9224]
  0x0000014a1b6b7de0 ConcurrentGCThread "G1 Conc#0" [stack: 0x0000001f3c700000,0x0000001f3c800000] [id=17928]
  0x0000014a36ce00a0 ConcurrentGCThread "G1 Refine#0" [stack: 0x0000001f3c800000,0x0000001f3c900000] [id=14768]
  0x0000014a36ce0ac0 ConcurrentGCThread "G1 Service" [stack: 0x0000001f3c900000,0x0000001f3ca00000] [id=14816]

Threads with active compile tasks:
C2 CompilerThread0     3836 2120       4       java.lang.invoke.MethodType::makeImpl (109 bytes)

VM state: not at safepoint (normal execution)

VM Mutex/Monitor currently owned by a thread: None

Heap address: 0x0000000749c00000, size: 2916 MB, Compressed Oops mode: Zero based, Oop shift amount: 3

CDS archive(s) not mapped
Compressed class space mapped at: 0x0000000800000000-0x0000000840000000, reserved size: 1073741824
Narrow klass base: 0x0000000800000000, Narrow klass shift: 0, Narrow klass range: 0x40000000

GC Precious Log:
 CPUs: 4 total, 4 available
 Memory: 11662M
 Large Page Support: Disabled
 NUMA Support: Disabled
 Compressed Oops: Enabled (Zero based)
 Heap Region Size: 2M
 Heap Min Capacity: 8M
 Heap Initial Capacity: 184M
 Heap Max Capacity: 2916M
 Pre-touch: Disabled
 Parallel Workers: 4
 Concurrent Workers: 1
 Concurrent Refinement Workers: 4
 Periodic GC: Disabled

Heap:
 garbage-first heap   total 55296K, used 25672K [0x0000000749c00000, 0x0000000800000000)
  region size 2048K, 4 young (8192K), 1 survivors (2048K)
 Metaspace       used 31466K, committed 31808K, reserved 1081344K
  class space    used 3610K, committed 3776K, reserved 1048576K

Heap Regions: E=young(eden), S=young(survivor), O=old, HS=humongous(starts), HC=humongous(continues), CS=collection set, F=free, OA=open archive, CA=closed archive, TAMS=top-at-mark-start (previous, next)
|   0|0x0000000749c00000, 0x0000000749e00000, 0x0000000749e00000|100%|HS|  |TAMS 0x0000000749e00000, 0x0000000749c00000| Complete 
|   1|0x0000000749e00000, 0x000000074a000000, 0x000000074a000000|100%|HS|  |TAMS 0x000000074a000000, 0x0000000749e00000| Complete 
|   2|0x000000074a000000, 0x000000074a000000, 0x000000074a200000|  0%| F|  |TAMS 0x000000074a000000, 0x000000074a000000| Untracked 
|   3|0x000000074a200000, 0x000000074a400000, 0x000000074a400000|100%| O|  |TAMS 0x000000074a400000, 0x000000074a200000| Untracked 
|   4|0x000000074a400000, 0x000000074a5cec00, 0x000000074a600000| 90%| O|  |TAMS 0x000000074a5cec00, 0x000000074a400000| Untracked 
|   5|0x000000074a600000, 0x000000074a800000, 0x000000074a800000|100%| O|  |TAMS 0x000000074a600000, 0x000000074a600000| Untracked 
|   6|0x000000074a800000, 0x000000074aa00000, 0x000000074aa00000|100%|HS|  |TAMS 0x000000074a800000, 0x000000074a800000| Complete 
|   7|0x000000074aa00000, 0x000000074ac00000, 0x000000074ac00000|100%|HC|  |TAMS 0x000000074aa00000, 0x000000074aa00000| Complete 
|   8|0x000000074ac00000, 0x000000074ae00000, 0x000000074ae00000|100%|HC|  |TAMS 0x000000074ac00000, 0x000000074ac00000| Complete 
|   9|0x000000074ae00000, 0x000000074b000000, 0x000000074b000000|100%| O|  |TAMS 0x000000074ae00000, 0x000000074ae00000| Untracked 
|  10|0x000000074b000000, 0x000000074b000000, 0x000000074b200000|  0%| F|  |TAMS 0x000000074b000000, 0x000000074b000000| Untracked 
|  11|0x000000074b200000, 0x000000074b200000, 0x000000074b400000|  0%| F|  |TAMS 0x000000074b200000, 0x000000074b200000| Untracked 
|  12|0x000000074b400000, 0x000000074b600000, 0x000000074b600000|100%| O|  |TAMS 0x000000074b400000, 0x000000074b400000| Untracked 
|  13|0x000000074b600000, 0x000000074b690c00, 0x000000074b800000| 28%| O|  |TAMS 0x000000074b600000, 0x000000074b600000| Untracked 
|  14|0x000000074b800000, 0x000000074b800000, 0x000000074ba00000|  0%| F|  |TAMS 0x000000074b800000, 0x000000074b800000| Untracked 
|  15|0x000000074ba00000, 0x000000074ba00000, 0x000000074bc00000|  0%| F|  |TAMS 0x000000074ba00000, 0x000000074ba00000| Untracked 
|  16|0x000000074bc00000, 0x000000074bc00000, 0x000000074be00000|  0%| F|  |TAMS 0x000000074bc00000, 0x000000074bc00000| Untracked 
|  17|0x000000074be00000, 0x000000074be00000, 0x000000074c000000|  0%| F|  |TAMS 0x000000074be00000, 0x000000074be00000| Untracked 
|  18|0x000000074c000000, 0x000000074c000000, 0x000000074c200000|  0%| F|  |TAMS 0x000000074c000000, 0x000000074c000000| Untracked 
|  19|0x000000074c200000, 0x000000074c200000, 0x000000074c400000|  0%| F|  |TAMS 0x000000074c200000, 0x000000074c200000| Untracked 
|  20|0x000000074c400000, 0x000000074c400000, 0x000000074c600000|  0%| F|  |TAMS 0x000000074c400000, 0x000000074c400000| Untracked 
|  21|0x000000074c600000, 0x000000074c600000, 0x000000074c800000|  0%| F|  |TAMS 0x000000074c600000, 0x000000074c600000| Untracked 
|  22|0x000000074c800000, 0x000000074c800000, 0x000000074ca00000|  0%| F|  |TAMS 0x000000074c800000, 0x000000074c800000| Untracked 
|  23|0x000000074ca00000, 0x000000074cb72e90, 0x000000074cc00000| 72%| E|  |TAMS 0x000000074ca00000, 0x000000074ca00000| Complete 
|  79|0x0000000753a00000, 0x0000000753c00000, 0x0000000753c00000|100%| E|CS|TAMS 0x0000000753a00000, 0x0000000753a00000| Complete 
|  80|0x0000000753c00000, 0x0000000753cb2ba0, 0x0000000753e00000| 34%| S|CS|TAMS 0x0000000753c00000, 0x0000000753c00000| Complete 
|  91|0x0000000755200000, 0x0000000755400000, 0x0000000755400000|100%| E|CS|TAMS 0x0000000755200000, 0x0000000755200000| Complete 

Card table byte_map: [0x0000014a2e2d0000,0x0000014a2e890000] _byte_map_base: 0x0000014a2a882000

Marking Bits (Prev, Next): (CMBitMap*) 0x0000014a1b6a9cf0, (CMBitMap*) 0x0000014a1b6a9cb0
 Prev Bits: [0x0000014a31be0000, 0x0000014a34970000)
 Next Bits: [0x0000014a2ee50000, 0x0000014a31be0000)

Polling page: 0x0000014a194b0000

Metaspace:

Usage:
  Non-class:     27.20 MB used.
      Class:      3.53 MB used.
       Both:     30.73 MB used.

Virtual space:
  Non-class space:       32.00 MB reserved,      27.38 MB ( 86%) committed,  4 nodes.
      Class space:        1.00 GB reserved,       3.69 MB ( <1%) committed,  1 nodes.
             Both:        1.03 GB reserved,      31.06 MB (  3%) committed. 

Chunk freelists:
   Non-Class:  384.00 KB
       Class:  144.00 KB
        Both:  528.00 KB

MaxMetaspaceSize: unlimited
CompressedClassSpaceSize: 1.00 GB
Initial GC threshold: 21.00 MB
Current GC threshold: 35.25 MB
CDS: off
MetaspaceReclaimPolicy: balanced
 - commit_granule_bytes: 65536.
 - commit_granule_words: 8192.
 - virtual_space_node_default_size: 1048576.
 - enlarge_chunks_in_place: 1.
 - new_chunks_are_fully_committed: 0.
 - uncommit_free_chunks: 1.
 - use_allocation_guard: 0.
 - handle_deallocations: 1.


Internal statistics:

num_allocs_failed_limit: 3.
num_arena_births: 348.
num_arena_deaths: 0.
num_vsnodes_births: 5.
num_vsnodes_deaths: 0.
num_space_committed: 497.
num_space_uncommitted: 0.
num_chunks_returned_to_freelist: 3.
num_chunks_taken_from_freelist: 1005.
num_chunk_merges: 0.
num_chunk_splits: 650.
num_chunks_enlarged: 458.
num_purges: 0.
num_inconsistent_stats: 0.

CodeHeap 'non-profiled nmethods': size=120000Kb used=828Kb max_used=828Kb free=119171Kb
 bounds [0x0000014a267e0000, 0x0000014a26a50000, 0x0000014a2dd10000]
CodeHeap 'profiled nmethods': size=120000Kb used=4167Kb max_used=4167Kb free=115832Kb
 bounds [0x0000014a1f2b0000, 0x0000014a1f6d0000, 0x0000014a267e0000]
CodeHeap 'non-nmethods': size=5760Kb used=1286Kb max_used=1312Kb free=4473Kb
 bounds [0x0000014a1ed10000, 0x0000014a1ef80000, 0x0000014a1f2b0000]
 total_blobs=2774 nmethods=2174 adapters=512
 compilation: enabled
              stopped_count=0, restarted_count=0
 full_count=0

Compilation events (20 events):
Event: 3.752 Thread 0x0000014a37821cc0 nmethod 2167 0x0000014a1f6bc810 code [0x0000014a1f6bc9c0, 0x0000014a1f6bcba8]
Event: 3.752 Thread 0x0000014a37821cc0 2168       3       java.util.TreeMap$PrivateEntryIterator::<init> (28 bytes)
Event: 3.752 Thread 0x0000014a37821cc0 nmethod 2168 0x0000014a1f6bcc90 code [0x0000014a1f6bce40, 0x0000014a1f6bd0b8]
Event: 3.753 Thread 0x0000014a37821cc0 2169       3       java.lang.invoke.Invokers::callSiteForm (308 bytes)
Event: 3.756 Thread 0x0000014a37821cc0 nmethod 2169 0x0000014a1f6bd190 code [0x0000014a1f6bd4c0, 0x0000014a1f6bebc8]
Event: 3.756 Thread 0x0000014a37821cc0 2170       3       java.util.stream.ReduceOps$3ReducingSink::accept (15 bytes)
Event: 3.756 Thread 0x0000014a37821cc0 nmethod 2170 0x0000014a1f6bf510 code [0x0000014a1f6bf6c0, 0x0000014a1f6bf8a8]
Event: 3.756 Thread 0x0000014a37821cc0 2171       3       org.openqa.selenium.SharedCapabilitiesMethods$$Lambda$474/0x00000008003990d8::compare (12 bytes)
Event: 3.757 Thread 0x0000014a37821cc0 nmethod 2171 0x0000014a1f6bf990 code [0x0000014a1f6bfb40, 0x0000014a1f6bfe88]
Event: 3.757 Thread 0x0000014a3979f570 nmethod 2166 0x0000014a268aea10 code [0x0000014a268aeba0, 0x0000014a268aee78]
Event: 3.760 Thread 0x0000014a37821cc0 2172       3       java.lang.StringLatin1::lastIndexOf (125 bytes)
Event: 3.761 Thread 0x0000014a37821cc0 nmethod 2172 0x0000014a1f6bff90 code [0x0000014a1f6c0160, 0x0000014a1f6c05f8]
Event: 3.763 Thread 0x0000014a37821cc0 2173       3       java.lang.invoke.Invokers$Holder::linkToTargetMethod (10 bytes)
Event: 3.763 Thread 0x0000014a37821cc0 nmethod 2173 0x0000014a1f6c0890 code [0x0000014a1f6c0a40, 0x0000014a1f6c0e98]
Event: 3.777 Thread 0x0000014a37821cc0 2174       3       sun.misc.Unsafe::getInt (9 bytes)
Event: 3.777 Thread 0x0000014a37821cc0 nmethod 2174 0x0000014a1f6c0f90 code [0x0000014a1f6c1120, 0x0000014a1f6c1238]
Event: 3.777 Thread 0x0000014a37821cc0 2175       3       io.netty.buffer.UnsafeByteBufUtil::setByte (7 bytes)
Event: 3.778 Thread 0x0000014a37821cc0 nmethod 2175 0x0000014a1f6c1310 code [0x0000014a1f6c14c0, 0x0000014a1f6c1758]
Event: 3.778 Thread 0x0000014a37821cc0 2176       3       io.netty.util.internal.PlatformDependent::putByte (6 bytes)
Event: 3.778 Thread 0x0000014a37821cc0 nmethod 2176 0x0000014a1f6c1890 code [0x0000014a1f6c1a40, 0x0000014a1f6c1c78]

GC Heap History (10 events):
Event: 0.478 GC heap before
{Heap before GC invocations=0 (full 0):
 garbage-first heap   total 188416K, used 14336K [0x0000000749c00000, 0x0000000800000000)
  region size 2048K, 6 young (12288K), 0 survivors (0K)
 Metaspace       used 9225K, committed 9408K, reserved 1064960K
  class space    used 824K, committed 896K, reserved 1048576K
}
Event: 0.481 GC heap after
{Heap after GC invocations=1 (full 0):
 garbage-first heap   total 188416K, used 10284K [0x0000000749c00000, 0x0000000800000000)
  region size 2048K, 1 young (2048K), 1 survivors (2048K)
 Metaspace       used 9225K, committed 9408K, reserved 1064960K
  class space    used 824K, committed 896K, reserved 1048576K
}
Event: 0.811 GC heap before
{Heap before GC invocations=1 (full 0):
 garbage-first heap   total 188416K, used 18476K [0x0000000749c00000, 0x0000000800000000)
  region size 2048K, 5 young (10240K), 1 survivors (2048K)
 Metaspace       used 13859K, committed 14080K, reserved 1064960K
  class space    used 1368K, committed 1472K, reserved 1048576K
}
Event: 0.814 GC heap after
{Heap after GC invocations=2 (full 0):
 garbage-first heap   total 188416K, used 10901K [0x0000000749c00000, 0x0000000800000000)
  region size 2048K, 1 young (2048K), 1 survivors (2048K)
 Metaspace       used 13859K, committed 14080K, reserved 1064960K
  class space    used 1368K, committed 1472K, reserved 1048576K
}
Event: 1.864 GC heap before
{Heap before GC invocations=2 (full 0):
 garbage-first heap   total 188416K, used 29333K [0x0000000749c00000, 0x0000000800000000)
  region size 2048K, 11 young (22528K), 1 survivors (2048K)
 Metaspace       used 21211K, committed 21504K, reserved 1073152K
  class space    used 2344K, committed 2496K, reserved 1048576K
}
Event: 1.867 GC heap after
{Heap after GC invocations=3 (full 0):
 garbage-first heap   total 188416K, used 12743K [0x0000000749c00000, 0x0000000800000000)
  region size 2048K, 2 young (4096K), 2 survivors (4096K)
 Metaspace       used 21211K, committed 21504K, reserved 1073152K
  class space    used 2344K, committed 2496K, reserved 1048576K
}
Event: 2.458 GC heap before
{Heap before GC invocations=4 (full 0):
 garbage-first heap   total 55296K, used 37319K [0x0000000749c00000, 0x0000000800000000)
  region size 2048K, 15 young (30720K), 2 survivors (4096K)
 Metaspace       used 28843K, committed 29184K, reserved 1081344K
  class space    used 3291K, committed 3456K, reserved 1048576K
}
Event: 2.463 GC heap after
{Heap after GC invocations=5 (full 0):
 garbage-first heap   total 55296K, used 15073K [0x0000000749c00000, 0x0000000800000000)
  region size 2048K, 2 young (4096K), 2 survivors (4096K)
 Metaspace       used 28843K, committed 29184K, reserved 1081344K
  class space    used 3291K, committed 3456K, reserved 1048576K
}
Event: 3.382 GC heap before
{Heap before GC invocations=5 (full 0):
 garbage-first heap   total 55296K, used 23265K [0x0000000749c00000, 0x0000000800000000)
  region size 2048K, 3 young (6144K), 2 survivors (4096K)
 Metaspace       used 29511K, committed 29824K, reserved 1081344K
  class space    used 3397K, committed 3520K, reserved 1048576K
}
Event: 3.391 GC heap after
{Heap after GC invocations=6 (full 0):
 garbage-first heap   total 55296K, used 21576K [0x0000000749c00000, 0x0000000800000000)
  region size 2048K, 1 young (2048K), 1 survivors (2048K)
 Metaspace       used 29511K, committed 29824K, reserved 1081344K
  class space    used 3397K, committed 3520K, reserved 1048576K
}

Deoptimization events (20 events):
Event: 3.256 Thread 0x0000014a39743a30 Uncommon trap: trap_request=0xffffffde fr.pc=0x0000014a2689e1c8 relative=0x0000000000000128
Event: 3.256 Thread 0x0000014a39743a30 Uncommon trap: reason=class_check action=maybe_recompile pc=0x0000014a2689e1c8 method=jdk.internal.misc.Unsafe.allocateUninitializedArray(Ljava/lang/Class;I)Ljava/lang/Object; @ 51 c2
Event: 3.256 Thread 0x0000014a39743a30 DEOPT PACKING pc=0x0000014a2689e1c8 sp=0x0000001f3e5fdbe0
Event: 3.256 Thread 0x0000014a39743a30 DEOPT UNPACKING pc=0x0000014a1ed623a3 sp=0x0000001f3e5fdb68 mode 2
Event: 3.256 Thread 0x0000014a39743a30 Uncommon trap: trap_request=0xffffffde fr.pc=0x0000014a2689e1c8 relative=0x0000000000000128
Event: 3.256 Thread 0x0000014a39743a30 Uncommon trap: reason=class_check action=maybe_recompile pc=0x0000014a2689e1c8 method=jdk.internal.misc.Unsafe.allocateUninitializedArray(Ljava/lang/Class;I)Ljava/lang/Object; @ 51 c2
Event: 3.256 Thread 0x0000014a39743a30 DEOPT PACKING pc=0x0000014a2689e1c8 sp=0x0000001f3e5fd7e0
Event: 3.256 Thread 0x0000014a39743a30 DEOPT UNPACKING pc=0x0000014a1ed623a3 sp=0x0000001f3e5fd768 mode 2
Event: 3.257 Thread 0x0000014a39743a30 Uncommon trap: trap_request=0xffffffde fr.pc=0x0000014a2689e1c8 relative=0x0000000000000128
Event: 3.257 Thread 0x0000014a39743a30 Uncommon trap: reason=class_check action=maybe_recompile pc=0x0000014a2689e1c8 method=jdk.internal.misc.Unsafe.allocateUninitializedArray(Ljava/lang/Class;I)Ljava/lang/Object; @ 51 c2
Event: 3.257 Thread 0x0000014a39743a30 DEOPT PACKING pc=0x0000014a2689e1c8 sp=0x0000001f3e5fa550
Event: 3.257 Thread 0x0000014a39743a30 DEOPT UNPACKING pc=0x0000014a1ed623a3 sp=0x0000001f3e5fa4d8 mode 2
Event: 3.450 Thread 0x0000014a1b6547c0 Uncommon trap: trap_request=0xffffff45 fr.pc=0x0000014a26851bc4 relative=0x0000000000001024
Event: 3.450 Thread 0x0000014a1b6547c0 Uncommon trap: reason=unstable_if action=reinterpret pc=0x0000014a26851bc4 method=java.util.concurrent.ConcurrentHashMap.putVal(Ljava/lang/Object;Ljava/lang/Object;Z)Ljava/lang/Object; @ 231 c2
Event: 3.451 Thread 0x0000014a1b6547c0 DEOPT PACKING pc=0x0000014a26851bc4 sp=0x0000001f3c4fd250
Event: 3.451 Thread 0x0000014a1b6547c0 DEOPT UNPACKING pc=0x0000014a1ed623a3 sp=0x0000001f3c4fd1c0 mode 2
Event: 3.678 Thread 0x0000014a1b6547c0 Uncommon trap: trap_request=0xffffff45 fr.pc=0x0000014a2689141c relative=0x00000000000000fc
Event: 3.678 Thread 0x0000014a1b6547c0 Uncommon trap: reason=unstable_if action=reinterpret pc=0x0000014a2689141c method=java.lang.StringLatin1.lastIndexOf([BI[BII)I @ 86 c2
Event: 3.678 Thread 0x0000014a1b6547c0 DEOPT PACKING pc=0x0000014a2689141c sp=0x0000001f3c4fc7d0
Event: 3.678 Thread 0x0000014a1b6547c0 DEOPT UNPACKING pc=0x0000014a1ed623a3 sp=0x0000001f3c4fc728 mode 2

Classes unloaded (0 events):
No events

Classes redefined (0 events):
No events

Internal exceptions (20 events):
Event: 1.610 Thread 0x0000014a1b6547c0 Exception <a 'java/lang/NoSuchMethodError'{0x00000007547683b0}: 'java.lang.Object java.lang.invoke.DirectMethodHandle$Holder.invokeStatic(java.lang.Object, java.lang.Object, int)'> (0x00000007547683b0) 
thrown [e:\jenkins\tmp\workspace\build\src\src\hotspot\share\interpreter\linkResolver.cpp, line 766]
Event: 1.611 Thread 0x0000014a1b6547c0 Exception <a 'java/lang/NoSuchMethodError'{0x00000007547736b0}: 'void java.lang.invoke.DelegatingMethodHandle$Holder.delegate(java.lang.Object, java.lang.Object, int, java.lang.Object)'> (0x00000007547736b0) 
thrown [e:\jenkins\tmp\workspace\build\src\src\hotspot\share\interpreter\linkResolver.cpp, line 766]
Event: 1.614 Thread 0x0000014a1b6547c0 Exception <a 'java/lang/NoSuchMethodError'{0x000000075478db28}: 'java.lang.Object java.lang.invoke.Invokers$Holder.invokeExact_MT(java.lang.Object, java.lang.Object, java.lang.Object, java.lang.Object)'> (0x000000075478db28) 
thrown [e:\jenkins\tmp\workspace\build\src\src\hotspot\share\interpreter\linkResolver.cpp, line 766]
Event: 1.614 Thread 0x0000014a1b6547c0 Exception <a 'java/lang/NoSuchMethodError'{0x00000007547918c0}: 'java.lang.Object java.lang.invoke.Invokers$Holder.invokeExact_MT(java.lang.Object, java.lang.Object, java.lang.Object)'> (0x00000007547918c0) 
thrown [e:\jenkins\tmp\workspace\build\src\src\hotspot\share\interpreter\linkResolver.cpp, line 766]
Event: 1.615 Thread 0x0000014a1b6547c0 Exception <a 'java/lang/NoSuchMethodError'{0x0000000754796298}: 'java.lang.Object java.lang.invoke.DirectMethodHandle$Holder.invokeStatic(java.lang.Object, int, java.lang.Object, java.lang.Object)'> (0x0000000754796298) 
thrown [e:\jenkins\tmp\workspace\build\src\src\hotspot\share\interpreter\linkResolver.cpp, line 766]
Event: 1.615 Thread 0x0000014a1b6547c0 Exception <a 'java/lang/NoSuchMethodError'{0x000000075479d258}: 'java.lang.Object java.lang.invoke.DirectMethodHandle$Holder.newInvokeSpecial(java.lang.Object, int, java.lang.Object)'> (0x000000075479d258) 
thrown [e:\jenkins\tmp\workspace\build\src\src\hotspot\share\interpreter\linkResolver.cpp, line 766]
Event: 1.619 Thread 0x0000014a1b6547c0 Exception <a 'java/lang/IncompatibleClassChangeError'{0x00000007547c1238}: Found class java.lang.Object, but interface was expected> (0x00000007547c1238) 
thrown [e:\jenkins\tmp\workspace\build\src\src\hotspot\share\interpreter\linkResolver.cpp, line 833]
Event: 1.622 Thread 0x0000014a1b6547c0 Exception <a 'java/lang/NoSuchMethodError'{0x00000007547d46f0}: 'void java.lang.invoke.DirectMethodHandle$Holder.invokeSpecial(java.lang.Object, java.lang.Object, java.lang.Object, java.lang.Object, java.lang.Object)'> (0x00000007547d46f0) 
thrown [e:\jenkins\tmp\workspace\build\src\src\hotspot\share\interpreter\linkResolver.cpp, line 766]
Event: 1.805 Thread 0x0000014a1b6547c0 Exception <a 'sun/nio/fs/WindowsException'{0x0000000754165840}> (0x0000000754165840) 
thrown [e:\jenkins\tmp\workspace\build\src\src\hotspot\share\prims\jni.cpp, line 516]
Event: 1.816 Thread 0x0000014a1b6547c0 Exception <a 'java/lang/NoSuchMethodError'{0x0000000754184f90}: 'int java.lang.invoke.DirectMethodHandle$Holder.invokeStaticInit(java.lang.Object, java.lang.Object, java.lang.Object, java.lang.Object)'> (0x0000000754184f90) 
thrown [e:\jenkins\tmp\workspace\build\src\src\hotspot\share\interpreter\linkResolver.cpp, line 766]
Event: 2.096 Thread 0x0000014a1b6547c0 Exception <a 'java/lang/NoSuchMethodError'{0x000000074c3b1a38}: 'java.lang.Object java.lang.invoke.DirectMethodHandle$Holder.invokeInterface(java.lang.Object, java.lang.Object, java.lang.Object)'> (0x000000074c3b1a38) 
thrown [e:\jenkins\tmp\workspace\build\src\src\hotspot\share\interpreter\linkResolver.cpp, line 766]
Event: 2.096 Thread 0x0000014a1b6547c0 Exception <a 'java/lang/IncompatibleClassChangeError'{0x000000074c3b5100}: Found class java.lang.Object, but interface was expected> (0x000000074c3b5100) 
thrown [e:\jenkins\tmp\workspace\build\src\src\hotspot\share\interpreter\linkResolver.cpp, line 833]
Event: 2.096 Thread 0x0000014a1b6547c0 Exception <a 'java/lang/NoSuchMethodError'{0x000000074c3bd810}: 'int java.lang.invoke.DirectMethodHandle$Holder.invokeSpecialIFC(java.lang.Object, java.lang.Object, java.lang.Object, java.lang.Object)'> (0x000000074c3bd810) 
thrown [e:\jenkins\tmp\workspace\build\src\src\hotspot\share\interpreter\linkResolver.cpp, line 766]
Event: 2.229 Thread 0x0000014a1b6547c0 Exception <a 'java/lang/NoSuchMethodError'{0x000000074bf4cca0}: 'java.lang.Object java.lang.invoke.DirectMethodHandle$Holder.newInvokeSpecial(java.lang.Object, java.lang.Object, int, int)'> (0x000000074bf4cca0) 
thrown [e:\jenkins\tmp\workspace\build\src\src\hotspot\share\interpreter\linkResolver.cpp, line 766]
Event: 2.231 Thread 0x0000014a1b6547c0 Exception <a 'java/lang/NoSuchMethodError'{0x000000074bf57db8}: 'void java.lang.invoke.DirectMethodHandle$Holder.invokeStatic(java.lang.Object, java.lang.Object, int)'> (0x000000074bf57db8) 
thrown [e:\jenkins\tmp\workspace\build\src\src\hotspot\share\interpreter\linkResolver.cpp, line 766]
Event: 2.287 Thread 0x0000014a1b6547c0 Exception <a 'java/lang/NoSuchMethodError'{0x000000074bd31a78}: 'int java.lang.invoke.DirectMethodHandle$Holder.invokeSpecialIFC(java.lang.Object, java.lang.Object, java.lang.Object)'> (0x000000074bd31a78) 
thrown [e:\jenkins\tmp\workspace\build\src\src\hotspot\share\interpreter\linkResolver.cpp, line 766]
Event: 2.339 Thread 0x0000014a1b6547c0 Exception <a 'java/lang/NoSuchMethodError'{0x000000074bbb1090}: 'void java.lang.invoke.DirectMethodHandle$Holder.invokeSpecial(java.lang.Object, java.lang.Object, java.lang.Object, java.lang.Object, java.lang.Object, java.lang.Object)'> (0x000000074bbb1090) 
thrown [e:\jenkins\tmp\workspace\build\src\src\hotspot\share\interpreter\linkResolver.cpp, line 766]
Event: 3.409 Thread 0x0000014a1b6547c0 Exception <a 'java/lang/NoSuchMethodError'{0x0000000755252508}: 'java.lang.Object java.lang.invoke.DirectMethodHandle$Holder.invokeSpecialIFC(java.lang.Object, java.lang.Object, java.lang.Object)'> (0x0000000755252508) 
thrown [e:\jenkins\tmp\workspace\build\src\src\hotspot\share\interpreter\linkResolver.cpp, line 766]
Event: 3.618 Thread 0x0000014a1b6547c0 Exception <a 'java/lang/NoSuchMethodError'{0x000000074ca2da70}: 'java.lang.Object java.lang.invoke.DirectMethodHandle$Holder.invokeStatic(java.lang.Object, int, java.lang.Object)'> (0x000000074ca2da70) 
thrown [e:\jenkins\tmp\workspace\build\src\src\hotspot\share\interpreter\linkResolver.cpp, line 766]
Event: 3.735 Thread 0x0000014a1b6547c0 Exception <a 'java/lang/ClassNotFoundException'{0x000000074caaa098}: sun/util/logging/resources/spi/loggingProvider> (0x000000074caaa098) 
thrown [e:\jenkins\tmp\workspace\build\src\src\hotspot\share\classfile\systemDictionary.cpp, line 256]

VM Operations (20 events):
Event: 1.876 Executing VM operation: G1Concurrent
Event: 1.878 Executing VM operation: G1Concurrent done
Event: 2.015 Executing VM operation: HandshakeAllThreads
Event: 2.015 Executing VM operation: HandshakeAllThreads done
Event: 2.019 Executing VM operation: HandshakeAllThreads
Event: 2.019 Executing VM operation: HandshakeAllThreads done
Event: 2.193 Executing VM operation: HandshakeAllThreads
Event: 2.193 Executing VM operation: HandshakeAllThreads done
Event: 2.194 Executing VM operation: HandshakeAllThreads
Event: 2.194 Executing VM operation: HandshakeAllThreads done
Event: 2.289 Executing VM operation: HandshakeAllThreads
Event: 2.289 Executing VM operation: HandshakeAllThreads done
Event: 2.416 Executing VM operation: HandshakeAllThreads
Event: 2.416 Executing VM operation: HandshakeAllThreads done
Event: 2.458 Executing VM operation: G1CollectForAllocation
Event: 2.463 Executing VM operation: G1CollectForAllocation done
Event: 3.382 Executing VM operation: G1CollectForAllocation
Event: 3.391 Executing VM operation: G1CollectForAllocation done
Event: 3.599 Executing VM operation: HandshakeAllThreads
Event: 3.599 Executing VM operation: HandshakeAllThreads done

Events (20 events):
Event: 3.735 loading class sun/util/logging/resources/logging_en
Event: 3.735 loading class sun/util/logging/resources/logging_en done
Event: 3.735 loading class sun/util/logging/resources/logging_en
Event: 3.735 loading class sun/util/logging/resources/logging_en done
Event: 3.736 loading class sun/util/logging/resources/logging_en_US
Event: 3.736 loading class sun/util/logging/resources/logging_en_US done
Event: 3.736 loading class sun/util/logging/resources/logging_en_US
Event: 3.736 loading class sun/util/logging/resources/logging_en_US done
Event: 3.736 loading class java/util/Formatter$DateTime
Event: 3.736 loading class java/util/Formatter$DateTime done
Event: 3.737 loading class java/time/ZonedDateTime$1
Event: 3.738 loading class java/time/ZonedDateTime$1 done
Event: 3.738 loading class java/text/DateFormatSymbols
Event: 3.738 loading class java/text/DateFormatSymbols done
Event: 3.738 loading class java/text/spi/DateFormatSymbolsProvider
Event: 3.738 loading class java/text/spi/DateFormatSymbolsProvider done
Event: 3.740 loading class sun/util/locale/provider/DateFormatSymbolsProviderImpl
Event: 3.740 loading class sun/util/locale/provider/DateFormatSymbolsProviderImpl done
Event: 3.741 loading class java/time/LocalTime$1
Event: 3.741 loading class java/time/LocalTime$1 done


Dynamic libraries:
0x00007ff6de9d0000 - 0x00007ff6de9de000 	D:\Software\eclipse\plugins\org.eclipse.justj.openjdk.hotspot.jre.full.win32.x86_64_17.0.3.v20220515-1416\jre\bin\javaw.exe
0x00007ffe289b0000 - 0x00007ffe28ba8000 	C:\Windows\SYSTEM32\ntdll.dll
0x00007ffe285c0000 - 0x00007ffe2867f000 	C:\Windows\System32\KERNEL32.DLL
0x00007ffe263f0000 - 0x00007ffe266e6000 	C:\Windows\System32\KERNELBASE.dll
0x00007ffe26090000 - 0x00007ffe26190000 	C:\Windows\System32\ucrtbase.dll
0x00007ffdfed90000 - 0x00007ffdfeda8000 	D:\Software\eclipse\plugins\org.eclipse.justj.openjdk.hotspot.jre.full.win32.x86_64_17.0.3.v20220515-1416\jre\bin\jli.dll
0x00007ffdfd960000 - 0x00007ffdfd979000 	D:\Software\eclipse\plugins\org.eclipse.justj.openjdk.hotspot.jre.full.win32.x86_64_17.0.3.v20220515-1416\jre\bin\VCRUNTIME140.dll
0x00007ffe26d90000 - 0x00007ffe26f2d000 	C:\Windows\System32\USER32.dll
0x00007ffe268d0000 - 0x00007ffe268f2000 	C:\Windows\System32\win32u.dll
0x00007ffe27c60000 - 0x00007ffe27c8c000 	C:\Windows\System32\GDI32.dll
0x00007ffe10660000 - 0x00007ffe108fa000 	C:\Windows\WinSxS\amd64_microsoft.windows.common-controls_6595b64144ccf1df_6.0.19041.1110_none_60b5254171f9507e\COMCTL32.dll
0x00007ffe266f0000 - 0x00007ffe26805000 	C:\Windows\System32\gdi32full.dll
0x00007ffe280b0000 - 0x00007ffe2814e000 	C:\Windows\System32\msvcrt.dll
0x00007ffe26970000 - 0x00007ffe26a0d000 	C:\Windows\System32\msvcp_win.dll
0x00007ffe27ff0000 - 0x00007ffe28020000 	C:\Windows\System32\IMM32.DLL
0x00007ffe10a10000 - 0x00007ffe10a1c000 	D:\Software\eclipse\plugins\org.eclipse.justj.openjdk.hotspot.jre.full.win32.x86_64_17.0.3.v20220515-1416\jre\bin\vcruntime140_1.dll
0x00007ffde9730000 - 0x00007ffde97c1000 	D:\Software\eclipse\plugins\org.eclipse.justj.openjdk.hotspot.jre.full.win32.x86_64_17.0.3.v20220515-1416\jre\bin\msvcp140.dll
0x00007ffdd74c0000 - 0x00007ffdd8108000 	D:\Software\eclipse\plugins\org.eclipse.justj.openjdk.hotspot.jre.full.win32.x86_64_17.0.3.v20220515-1416\jre\bin\server\jvm.dll
0x00007ffe27ae0000 - 0x00007ffe27b8f000 	C:\Windows\System32\ADVAPI32.dll
0x00007ffe288d0000 - 0x00007ffe2896c000 	C:\Windows\System32\sechost.dll
0x00007ffe27800000 - 0x00007ffe27926000 	C:\Windows\System32\RPCRT4.dll
0x00007ffe27940000 - 0x00007ffe27948000 	C:\Windows\System32\PSAPI.DLL
0x00007ffe24590000 - 0x00007ffe245b7000 	C:\Windows\SYSTEM32\WINMM.dll
0x00007ffe1ee00000 - 0x00007ffe1ee0a000 	C:\Windows\SYSTEM32\VERSION.dll
0x00007ffe22e00000 - 0x00007ffe22e09000 	C:\Windows\SYSTEM32\WSOCK32.dll
0x00007ffe27bf0000 - 0x00007ffe27c5b000 	C:\Windows\System32\WS2_32.dll
0x00007ffe24930000 - 0x00007ffe24942000 	C:\Windows\SYSTEM32\kernel.appcore.dll
0x00007ffe1fb80000 - 0x00007ffe1fb8a000 	D:\Software\eclipse\plugins\org.eclipse.justj.openjdk.hotspot.jre.full.win32.x86_64_17.0.3.v20220515-1416\jre\bin\jimage.dll
0x00007ffe23b90000 - 0x00007ffe23d74000 	C:\Windows\SYSTEM32\DBGHELP.DLL
0x00007ffe24530000 - 0x00007ffe24564000 	C:\Windows\SYSTEM32\dbgcore.DLL
0x00007ffe26840000 - 0x00007ffe268c2000 	C:\Windows\System32\bcryptPrimitives.dll
0x00007ffe1cd60000 - 0x00007ffe1cd85000 	D:\Software\eclipse\plugins\org.eclipse.justj.openjdk.hotspot.jre.full.win32.x86_64_17.0.3.v20220515-1416\jre\bin\java.dll
0x00007ffe1ccc0000 - 0x00007ffe1ccd8000 	D:\Software\eclipse\plugins\org.eclipse.justj.openjdk.hotspot.jre.full.win32.x86_64_17.0.3.v20220515-1416\jre\bin\zip.dll
0x00007ffe26f30000 - 0x00007ffe27674000 	C:\Windows\System32\SHELL32.dll
0x00007ffe23d80000 - 0x00007ffe24513000 	C:\Windows\SYSTEM32\windows.storage.dll
0x00007ffe27c90000 - 0x00007ffe27fe4000 	C:\Windows\System32\combase.dll
0x00007ffe25a10000 - 0x00007ffe25a3e000 	C:\Windows\SYSTEM32\Wldp.dll
0x00007ffe27a30000 - 0x00007ffe27add000 	C:\Windows\System32\SHCORE.dll
0x00007ffe26a70000 - 0x00007ffe26ac5000 	C:\Windows\System32\shlwapi.dll
0x00007ffe25fd0000 - 0x00007ffe25fef000 	C:\Windows\SYSTEM32\profapi.dll
0x00007ffe1cca0000 - 0x00007ffe1ccb9000 	D:\Software\eclipse\plugins\org.eclipse.justj.openjdk.hotspot.jre.full.win32.x86_64_17.0.3.v20220515-1416\jre\bin\net.dll
0x00007ffe23320000 - 0x00007ffe2342a000 	C:\Windows\SYSTEM32\WINHTTP.dll
0x00007ffe25770000 - 0x00007ffe257da000 	C:\Windows\system32\mswsock.dll
0x00007ffe1cc80000 - 0x00007ffe1cc95000 	D:\Software\eclipse\plugins\org.eclipse.justj.openjdk.hotspot.jre.full.win32.x86_64_17.0.3.v20220515-1416\jre\bin\nio.dll
0x00007ffe1cd50000 - 0x00007ffe1cd60000 	D:\Software\eclipse\plugins\org.eclipse.justj.openjdk.hotspot.jre.full.win32.x86_64_17.0.3.v20220515-1416\jre\bin\verify.dll
0x00007ffe254a0000 - 0x00007ffe2556b000 	C:\Windows\SYSTEM32\DNSAPI.dll
0x00007ffe25460000 - 0x00007ffe2549c000 	C:\Windows\SYSTEM32\IPHLPAPI.DLL
0x00007ffe27770000 - 0x00007ffe27778000 	C:\Windows\System32\NSI.dll
0x00007ffe19370000 - 0x00007ffe1937a000 	C:\Windows\System32\rasadhlp.dll
0x00007ffe16770000 - 0x00007ffe167f2000 	C:\Windows\System32\fwpuclnt.dll
0x00007ffe26810000 - 0x00007ffe26837000 	C:\Windows\System32\bcrypt.dll
0x00007ffe25970000 - 0x00007ffe25988000 	C:\Windows\SYSTEM32\CRYPTSP.dll
0x00007ffe25090000 - 0x00007ffe250c4000 	C:\Windows\system32\rsaenh.dll
0x00007ffe25f90000 - 0x00007ffe25fbe000 	C:\Windows\SYSTEM32\USERENV.dll
0x00007ffe25960000 - 0x00007ffe2596c000 	C:\Windows\SYSTEM32\CRYPTBASE.dll
0x00007ffe1bdc0000 - 0x00007ffe1bdd7000 	C:\Windows\SYSTEM32\dhcpcsvc6.DLL
0x00007ffe1c8d0000 - 0x00007ffe1c8ed000 	C:\Windows\SYSTEM32\dhcpcsvc.DLL
0x00007ffe22f20000 - 0x00007ffe22fb1000 	C:\Windows\system32\apphelp.dll
0x00007ffdfe7e0000 - 0x00007ffdfe7e9000 	D:\Software\eclipse\plugins\org.eclipse.justj.openjdk.hotspot.jre.full.win32.x86_64_17.0.3.v20220515-1416\jre\bin\management.dll
0x00007ffdfe380000 - 0x00007ffdfe38b000 	D:\Software\eclipse\plugins\org.eclipse.justj.openjdk.hotspot.jre.full.win32.x86_64_17.0.3.v20220515-1416\jre\bin\management_ext.dll
0x00007ffdfe800000 - 0x00007ffdfe80e000 	D:\Software\eclipse\plugins\org.eclipse.justj.openjdk.hotspot.jre.full.win32.x86_64_17.0.3.v20220515-1416\jre\bin\sunmscapi.dll
0x00007ffe26240000 - 0x00007ffe2639e000 	C:\Windows\System32\CRYPT32.dll
0x00007ffe25a80000 - 0x00007ffe25aa8000 	C:\Windows\SYSTEM32\ncrypt.dll
0x00007ffe25a40000 - 0x00007ffe25a7b000 	C:\Windows\SYSTEM32\NTASN1.dll
0x00007ffe01650000 - 0x00007ffe01657000 	C:\Windows\system32\wshunix.dll

dbghelp: loaded successfully - version: 4.0.5 - missing functions: none
symbol engine: initialized successfully - sym options: 0x614 - pdb path: .;D:\Software\eclipse\plugins\org.eclipse.justj.openjdk.hotspot.jre.full.win32.x86_64_17.0.3.v20220515-1416\jre\bin;C:\Windows\SYSTEM32;C:\Windows\WinSxS\amd64_microsoft.windows.common-controls_6595b64144ccf1df_6.0.19041.1110_none_60b5254171f9507e;D:\Software\eclipse\plugins\org.eclipse.justj.openjdk.hotspot.jre.full.win32.x86_64_17.0.3.v20220515-1416\jre\bin\server

VM Arguments:
jvm_args: -ea -Dfile.encoding=UTF-8 -XX:+ShowCodeDetailsInExceptionMessages 
java_command: org.testng.remote.RemoteTestNG -serport 60698 -protocol json -d C:\Users\shree\eclipse-workspace\Selenium1\test-output C:\Users\shree\AppData\Local\Temp\testng-eclipse--984037130\testng-customsuite.xml
java_class_path (initial): D:\Software\eclipse\configuration\org.eclipse.osgi\578\0\.cp\lib\testng-remote.jar;C:\Users\shree\eclipse-workspace\Selenium1\bin;D:\Software\poi-bin-5.2.3\batik-anim-1.14.jar;D:\Software\poi-bin-5.2.3\batik-awt-util-1.14.jar;D:\Software\poi-bin-5.2.3\batik-bridge-1.14.jar;D:\Software\poi-bin-5.2.3\batik-codec-1.14.jar;D:\Software\poi-bin-5.2.3\batik-constants-1.14.jar;D:\Software\poi-bin-5.2.3\batik-css-1.14.jar;D:\Software\poi-bin-5.2.3\batik-dom-1.14.jar;D:\Software\poi-bin-5.2.3\batik-ext-1.14.jar;D:\Software\poi-bin-5.2.3\batik-gvt-1.14.jar;D:\Software\poi-bin-5.2.3\batik-i18n-1.14.jar;D:\Software\poi-bin-5.2.3\batik-parser-1.14.jar;D:\Software\poi-bin-5.2.3\batik-script-1.14.jar;D:\Software\poi-bin-5.2.3\batik-shared-resources-1.14.jar;D:\Software\poi-bin-5.2.3\batik-svg-dom-1.14.jar;D:\Software\poi-bin-5.2.3\batik-svggen-1.14.jar;D:\Software\poi-bin-5.2.3\batik-svgrasterizer-1.14.jar;D:\Software\poi-bin-5.2.3\batik-transcoder-1.14.jar;D:\Software\poi-bin-5.2.3\batik-util-1.14.jar;D:\Software\poi-bin-5.2.3\batik-xml-1.14.jar;D:\Software\poi-bin-5.2.3\bcpkix-jdk15on-1.70.jar;D:\Software\poi-bin-5.2.3\bcprov-jdk15on-1.70.jar;D:\Software\poi-bin-5.2.3\bcutil-jdk15on-1.70.jar;D:\Software\poi-bin-5.2.3\commons-codec-1.15.jar;D:\Software\poi-bin-5.2.3\commons-collections4-4.4.jar;D:\Software\poi-bin-5.2.3\commons-compress-1.21.jar;D:\Software\poi-bin-5.2.3\commons-io-2.11.0.jar;D:\Software\poi-bin-5.2.3\commons-logging-1.2.jar;D:\Software\poi-bin-5.2.3\commons-math3-3.6.1.jar;D:\Software\poi-bin-5.2.3\curvesapi-1.07.jar;D:\Software\poi-bin-5.2.3\fontbox-2.0.26.jar;D:\Software\poi-bin-5.2.3\graphics2d-0.40.jar;D:\Software\poi-bin-5.2.3\jakarta.activation-2.0.1.jar;D:\Software\poi-bin-5.2.3\jakarta.xml.bind-api-3.0.1.jar;D:\Software\poi-bin-5.2.3\log4j-api-2.18.0.jar;D:\Software\poi-bin-5.2.3\pdfbox-2.0.26.jar;D:\Software\poi-bin-5.2.3\poi-5.2.3.jar;D:\Software\poi-bin-5.2.3\poi-examples-5.2.3.jar;D:\Software\poi-bin-5.2.3\poi-excelant-5.2
Launcher Type: SUN_STANDARD

[Global flags]
     intx CICompilerCount                          = 3                                         {product} {ergonomic}
     uint ConcGCThreads                            = 1                                         {product} {ergonomic}
     uint G1ConcRefinementThreads                  = 4                                         {product} {ergonomic}
   size_t G1HeapRegionSize                         = 2097152                                   {product} {ergonomic}
    uintx GCDrainStackTargetSize                   = 64                                        {product} {ergonomic}
   size_t InitialHeapSize                          = 192937984                                 {product} {ergonomic}
   size_t MarkStackSize                            = 4194304                                   {product} {ergonomic}
   size_t MaxHeapSize                              = 3057647616                                {product} {ergonomic}
   size_t MaxNewSize                               = 1832910848                                {product} {ergonomic}
   size_t MinHeapDeltaBytes                        = 2097152                                   {product} {ergonomic}
   size_t MinHeapSize                              = 8388608                                   {product} {ergonomic}
    uintx NonNMethodCodeHeapSize                   = 5832780                                {pd product} {ergonomic}
    uintx NonProfiledCodeHeapSize                  = 122912730                              {pd product} {ergonomic}
    uintx ProfiledCodeHeapSize                     = 122912730                              {pd product} {ergonomic}
    uintx ReservedCodeCacheSize                    = 251658240                              {pd product} {ergonomic}
     bool SegmentedCodeCache                       = true                                      {product} {ergonomic}
     bool ShowCodeDetailsInExceptionMessages       = true                                   {manageable} {command line}
   size_t SoftMaxHeapSize                          = 3057647616                             {manageable} {ergonomic}
     bool UseCompressedClassPointers               = true                           {product lp64_product} {ergonomic}
     bool UseCompressedOops                        = true                           {product lp64_product} {ergonomic}
     bool UseG1GC                                  = true                                      {product} {ergonomic}
     bool UseLargePagesIndividualAllocation        = false                                  {pd product} {ergonomic}

Logging:
Log output configuration:
 #0: stdout all=warning uptime,level,tags
 #1: stderr all=off uptime,level,tags

Environment Variables:
PATH=D:/Software/eclipse//plugins/org.eclipse.justj.openjdk.hotspot.jre.full.win32.x86_64_17.0.3.v20220515-1416/jre/bin/server;D:/Software/eclipse//plugins/org.eclipse.justj.openjdk.hotspot.jre.full.win32.x86_64_17.0.3.v20220515-1416/jre/bin;C:\Program Files\Microsoft MPI\Bin\;D:\Software\oracle\bin;E:\app\gsm\shree\product\19.0.0\dslmhome_2\bin;E:\app\gsm\shree\product\19.0.0\dslmhome_1\bin;C:\Program Files\Common Files\Oracle\Java\javapath;C:\Program Files (x86)\Common Files\Oracle\Java\javapath;C:\Windows\system32;C:\Windows;C:\Windows\System32\Wbem;C:\Windows\System32\WindowsPowerShell\v1.0\;C:\Windows\System32\OpenSSH\;C:\Windows\IsmFiles;C:\Program Files\Microsoft SQL Server\Client SDK\ODBC\170\Tools\Binn\;C:\Program Files (x86)\Microsoft SQL Server\150\Tools\Binn\;C:\Program Files\Microsoft SQL Server\150\Tools\Binn\;C:\Program Files\Microsoft SQL Server\150\DTS\Binn\;C:\Program Files\Azure Data Studio\bin;C:\Program Files\nodejs\;C:\Program Files (x86)\Microsoft SQL Server\160\Tools\Binn\;C:\Program Files\Microsoft SQL Server\160\Tools\Binn\;C:\Program Files\Microsoft SQL Server\160\DTS\Binn\;C:\Program Files (x86)\Microsoft SQL Server\160\DTS\Binn\;C:\Program Files\Git\cmd;C:\Program Files\MySQL\MySQL Shell 8.0\bin\;C:\Users\shree\AppData\Local\Microsoft\WindowsApps;C:\Users\shree\AppData\Local\Programs\Microsoft VS Code\bin;C:\Program Files\Azure Data Studio\bin;C:\Users\shree\AppData\Roaming\npm;C:\Program Files\Java\jdk-20\bin;;D:\Software\eclipse;
USERNAME=shree
OS=Windows_NT
PROCESSOR_IDENTIFIER=Intel64 Family 6 Model 142 Stepping 12, GenuineIntel



---------------  S Y S T E M  ---------------

OS:
 Windows 10 , 64 bit Build 19041 (10.0.19041.2913)
OS uptime: 2 days 19:05 hours

CPU: total 4 (initial active 4) (2 cores per cpu, 2 threads per core) family 6 model 142 stepping 12 microcode 0xc6, cx8, cmov, fxsr, ht, mmx, 3dnowpref, sse, sse2, sse3, ssse3, sse4.1, sse4.2, popcnt, lzcnt, tsc, tscinvbit, avx, avx2, aes, erms, clmul, bmi1, bmi2, adx, fma, vzeroupper, clflush, clflushopt

Memory: 4k page, system-wide physical 11662M (1828M free)
TotalPageFile size 11662M (AvailPageFile size 35M)
current process WorkingSet (physical memory assigned to process): 158M, peak: 159M
current process commit charge ("private bytes"): 188M, peak: 293M

vm_info: OpenJDK 64-Bit Server VM (17.0.3+7) for windows-amd64 JRE (17.0.3+7), built on Apr 19 2022 16:55:35 by "" with MS VC++ 16.7 (VS2019)

END.
