#
# There is insufficient memory for the Java Runtime Environment to continue.
# Native memory allocation (mmap) failed to map 65536 bytes for Failed to commit metaspace.
# Possible reasons:
#   The system is out of physical RAM or swap space
#   The process is running with CompressedOops enabled, and the Java Heap may be blocking the growth of the native heap
# Possible solutions:
#   Reduce memory load on the system
#   Increase physical memory or swap space
#   Check if swap backing store is full
#   Decrease Java heap size (-Xmx/-Xms)
#   Decrease number of Java threads
#   Decrease Java thread stack sizes (-Xss)
#   Set larger code cache with -XX:ReservedCodeCacheSize=
#   JVM is running with Zero Based Compressed Oops mode in which the Java heap is
#     placed in the first 32GB address space. The Java Heap base address is the
#     maximum limit for the native heap growth. Please use -XX:HeapBaseMinAddress
#     to set the Java Heap base and to place the Java Heap above 32GB virtual address.
# This output file may be truncated or incomplete.
#
#  Out of Memory Error (virtualSpaceNode.cpp:110), pid=16320, tid=14300
#
# JRE version: OpenJDK Runtime Environment Temurin-17.0.3+7 (17.0.3+7) (build 17.0.3+7)
# Java VM: OpenJDK 64-Bit Server VM Temurin-17.0.3+7 (17.0.3+7, mixed mode, tiered, compressed oops, compressed class ptrs, g1 gc, windows-amd64)
# No core dump will be written. Minidumps are not enabled by default on client versions of Windows
#

---------------  S U M M A R Y ------------

Command Line: -Dfile.encoding=UTF-8 -XX:+ShowCodeDetailsInExceptionMessages Synchronization.WebDriverWait

Host: Intel(R) Core(TM) i3-10110U CPU @ 2.10GHz, 4 cores, 11G,  Windows 10 , 64 bit Build 19041 (10.0.19041.2913)
Time: Sun Oct  1 18:11:34 2023 Pacific Daylight Time elapsed time: 2.704815 seconds (0d 0h 0m 2s)

---------------  T H R E A D  ---------------

Current thread (0x00000267ca083cb0):  JavaThread "AsyncHttpClient-1-2" daemon [_thread_in_vm, id=14300, stack(0x0000009067c00000,0x0000009067d00000)]

Stack: [0x0000009067c00000,0x0000009067d00000]
Native frames: (J=compiled Java code, j=interpreted, Vv=VM code, C=native code)
V  [jvm.dll+0x675efa]
V  [jvm.dll+0x830a24]
V  [jvm.dll+0x8321ce]
V  [jvm.dll+0x832833]
V  [jvm.dll+0x2454b5]
V  [jvm.dll+0x82c9cb]
V  [jvm.dll+0x61ab26]
V  [jvm.dll+0x1c046e]
V  [jvm.dll+0x61d471]
V  [jvm.dll+0x61b4c6]
V  [jvm.dll+0x36b4e2]
V  [jvm.dll+0x1e1e3b]
V  [jvm.dll+0x53bba9]
V  [jvm.dll+0x7aba28]
V  [jvm.dll+0x7abb14]
V  [jvm.dll+0x40c7c5]
V  [jvm.dll+0x4129b8]
C  [java.dll+0x17ec]

Java frames: (J=compiled Java code, j=interpreted, Vv=VM code)
J 979  java.lang.ClassLoader.defineClass1(Ljava/lang/ClassLoader;Ljava/lang/String;[BIILjava/security/ProtectionDomain;Ljava/lang/String;)Ljava/lang/Class; java.base@17.0.3 (0 bytes) @ 0x00000267b7c497e3 [0x00000267b7c49720+0x00000000000000c3]
J 1429 c1 java.lang.ClassLoader.defineClass(Ljava/lang/String;[BIILjava/security/ProtectionDomain;)Ljava/lang/Class; java.base@17.0.3 (43 bytes) @ 0x00000267b09651dc [0x00000267b0964e80+0x000000000000035c]
J 1064 c1 java.security.SecureClassLoader.defineClass(Ljava/lang/String;[BIILjava/security/CodeSource;)Ljava/lang/Class; java.base@17.0.3 (16 bytes) @ 0x00000267b08b9f8c [0x00000267b08b9ec0+0x00000000000000cc]
J 883 c1 jdk.internal.loader.BuiltinClassLoader.defineClass(Ljava/lang/String;Ljdk/internal/loader/Resource;)Ljava/lang/Class; java.base@17.0.3 (121 bytes) @ 0x00000267b085f374 [0x00000267b085e400+0x0000000000000f74]
J 768 c1 jdk.internal.loader.BuiltinClassLoader.findClassOnClassPathOrNull(Ljava/lang/String;)Ljava/lang/Class; java.base@17.0.3 (64 bytes) @ 0x00000267b08170e4 [0x00000267b0816060+0x0000000000001084]
J 418 c1 jdk.internal.loader.BuiltinClassLoader.loadClassOrNull(Ljava/lang/String;Z)Ljava/lang/Class; java.base@17.0.3 (143 bytes) @ 0x00000267b0771c54 [0x00000267b0770d40+0x0000000000000f14]
J 661 c1 jdk.internal.loader.ClassLoaders$AppClassLoader.loadClass(Ljava/lang/String;Z)Ljava/lang/Class; java.base@17.0.3 (40 bytes) @ 0x00000267b07e460c [0x00000267b07e3fe0+0x000000000000062c]
J 660 c1 java.lang.ClassLoader.loadClass(Ljava/lang/String;)Ljava/lang/Class; java.base@17.0.3 (7 bytes) @ 0x00000267b07e3c4c [0x00000267b07e3b40+0x000000000000010c]
v  ~StubRoutines::call_stub
j  io.netty.buffer.ByteBufUtil.firstIndexOf(Lio/netty/buffer/AbstractByteBuf;IIB)I+158
j  io.netty.buffer.AbstractByteBuf.indexOf(IIB)I+9
j  io.netty.handler.codec.http.HttpObjectDecoder$HeaderParser.parse(Lio/netty/buffer/ByteBuf;)Lio/netty/buffer/ByteBuf;+91
j  io.netty.handler.codec.http.HttpObjectDecoder$LineParser.parse(Lio/netty/buffer/ByteBuf;)Lio/netty/buffer/ByteBuf;+47
j  io.netty.handler.codec.http.HttpObjectDecoder.decode(Lio/netty/channel/ChannelHandlerContext;Lio/netty/buffer/ByteBuf;Ljava/util/List;)V+89
j  io.netty.handler.codec.http.HttpClientCodec$Decoder.decode(Lio/netty/channel/ChannelHandlerContext;Lio/netty/buffer/ByteBuf;Ljava/util/List;)V+50
j  io.netty.handler.codec.ByteToMessageDecoder.decodeRemovalReentryProtection(Lio/netty/channel/ChannelHandlerContext;Lio/netty/buffer/ByteBuf;Ljava/util/List;)V+9
j  io.netty.handler.codec.ByteToMessageDecoder.callDecode(Lio/netty/channel/ChannelHandlerContext;Lio/netty/buffer/ByteBuf;Ljava/util/List;)V+55
j  io.netty.handler.codec.ByteToMessageDecoder.channelRead(Lio/netty/channel/ChannelHandlerContext;Ljava/lang/Object;)V+79
j  io.netty.channel.CombinedChannelDuplexHandler.channelRead(Lio/netty/channel/ChannelHandlerContext;Ljava/lang/Object;)V+44
j  io.netty.channel.AbstractChannelHandlerContext.invokeChannelRead(Ljava/lang/Object;)V+47
j  io.netty.channel.AbstractChannelHandlerContext.invokeChannelRead(Lio/netty/channel/AbstractChannelHandlerContext;Ljava/lang/Object;)V+31
j  io.netty.channel.AbstractChannelHandlerContext.fireChannelRead(Ljava/lang/Object;)Lio/netty/channel/ChannelHandlerContext;+7
j  io.netty.channel.DefaultChannelPipeline$HeadContext.channelRead(Lio/netty/channel/ChannelHandlerContext;Ljava/lang/Object;)V+2
j  io.netty.channel.AbstractChannelHandlerContext.invokeChannelRead(Ljava/lang/Object;)V+28
j  io.netty.channel.AbstractChannelHandlerContext.invokeChannelRead(Lio/netty/channel/AbstractChannelHandlerContext;Ljava/lang/Object;)V+31
j  io.netty.channel.DefaultChannelPipeline.fireChannelRead(Ljava/lang/Object;)Lio/netty/channel/ChannelPipeline;+5
j  io.netty.channel.nio.AbstractNioByteChannel$NioByteUnsafe.read()V+159
j  io.netty.channel.nio.NioEventLoop.processSelectedKey(Ljava/nio/channels/SelectionKey;Lio/netty/channel/nio/AbstractNioChannel;)V+110
j  io.netty.channel.nio.NioEventLoop.processSelectedKeysOptimized()V+51
j  io.netty.channel.nio.NioEventLoop.processSelectedKeys()V+8
j  io.netty.channel.nio.NioEventLoop.run()V+263
j  io.netty.util.concurrent.SingleThreadEventExecutor$4.run()V+44
j  io.netty.util.internal.ThreadExecutorMap$2.run()V+11
j  io.netty.util.concurrent.FastThreadLocalRunnable.run()V+4
j  java.lang.Thread.run()V+11 java.base@17.0.3
v  ~StubRoutines::call_stub

---------------  P R O C E S S  ---------------

Threads class SMR info:
_java_thread_list=0x00000267ca0a5390, length=23, elements={
0x00000267aca6fe70, 0x00000267c8298f10, 0x00000267c829a730, 0x00000267c82bb700,
0x00000267c82bbfc0, 0x00000267c82bd020, 0x00000267c82be080, 0x00000267c8c258d0,
0x00000267c8c28d30, 0x00000267c8c3a9d0, 0x00000267c8d92a80, 0x00000267c8d8dad0,
0x00000267c97fe630, 0x00000267c9bab9b0, 0x00000267c9bc74b0, 0x00000267c9d8fef0,
0x00000267c9dd1570, 0x00000267c9dd1a40, 0x00000267c9dfd460, 0x00000267c9dfd930,
0x00000267ca084ff0, 0x00000267ca081630, 0x00000267ca083cb0
}

Java Threads: ( => current thread )
  0x00000267aca6fe70 JavaThread "Forwarding newSession on session null to remote" [_thread_blocked, id=20936, stack(0x0000009065b00000,0x0000009065c00000)]
  0x00000267c8298f10 JavaThread "Reference Handler" daemon [_thread_blocked, id=19696, stack(0x0000009066200000,0x0000009066300000)]
  0x00000267c829a730 JavaThread "Finalizer" daemon [_thread_blocked, id=4928, stack(0x0000009066300000,0x0000009066400000)]
  0x00000267c82bb700 JavaThread "Signal Dispatcher" daemon [_thread_blocked, id=3496, stack(0x0000009066400000,0x0000009066500000)]
  0x00000267c82bbfc0 JavaThread "Attach Listener" daemon [_thread_blocked, id=8176, stack(0x0000009066500000,0x0000009066600000)]
  0x00000267c82bd020 JavaThread "Service Thread" daemon [_thread_blocked, id=18380, stack(0x0000009066600000,0x0000009066700000)]
  0x00000267c82be080 JavaThread "Monitor Deflation Thread" daemon [_thread_blocked, id=18940, stack(0x0000009066700000,0x0000009066800000)]
  0x00000267c8c258d0 JavaThread "C2 CompilerThread0" daemon [_thread_blocked, id=10568, stack(0x0000009066800000,0x0000009066900000)]
  0x00000267c8c28d30 JavaThread "C1 CompilerThread0" daemon [_thread_blocked, id=2416, stack(0x0000009066900000,0x0000009066a00000)]
  0x00000267c8c3a9d0 JavaThread "Sweeper thread" daemon [_thread_blocked, id=4540, stack(0x0000009066a00000,0x0000009066b00000)]
  0x00000267c8d92a80 JavaThread "Notification Thread" daemon [_thread_blocked, id=18636, stack(0x0000009066b00000,0x0000009066c00000)]
  0x00000267c8d8dad0 JavaThread "Common-Cleaner" daemon [_thread_blocked, id=5160, stack(0x0000009066d00000,0x0000009066e00000)]
  0x00000267c97fe630 JavaThread "ForkJoinPool.commonPool-worker-1" daemon [_thread_blocked, id=20832, stack(0x0000009067100000,0x0000009067200000)]
  0x00000267c9bab9b0 JavaThread "C2 CompilerThread1" daemon [_thread_blocked, id=8096, stack(0x0000009067200000,0x0000009067300000)]
  0x00000267c9bc74b0 JavaThread "AsyncHttpClient-1-1" daemon [_thread_blocked, id=9284, stack(0x0000009067300000,0x0000009067400000)]
  0x00000267c9d8fef0 JavaThread "Exec Default Executor" daemon [_thread_in_native, id=9048, stack(0x0000009067400000,0x0000009067500000)]
  0x00000267c9dd1570 JavaThread "Exec Stream Pumper" daemon [_thread_in_native, id=12784, stack(0x0000009067500000,0x0000009067600000)]
  0x00000267c9dd1a40 JavaThread "Exec Stream Pumper" daemon [_thread_in_native, id=18080, stack(0x0000009067600000,0x0000009067700000)]
  0x00000267c9dfd460 JavaThread "Driver Service Executor" daemon [_thread_blocked, id=19412, stack(0x0000009067700000,0x0000009067800000)]
  0x00000267c9dfd930 JavaThread "Driver Service Executor" daemon [_thread_blocked, id=3624, stack(0x0000009067800000,0x0000009067900000)]
  0x00000267ca084ff0 JavaThread "UrlChecker-2" daemon [_thread_blocked, id=3452, stack(0x0000009067900000,0x0000009067a00000)]
  0x00000267ca081630 JavaThread "Keep-Alive-Timer" daemon [_thread_blocked, id=20376, stack(0x0000009067b00000,0x0000009067c00000)]
=>0x00000267ca083cb0 JavaThread "AsyncHttpClient-1-2" daemon [_thread_in_vm, id=14300, stack(0x0000009067c00000,0x0000009067d00000)]

Other Threads:
  0x00000267c827b380 VMThread "VM Thread" [stack: 0x0000009066100000,0x0000009066200000] [id=18008]
  0x00000267c8cfd1b0 WatcherThread [stack: 0x0000009066c00000,0x0000009066d00000] [id=13120]
  0x00000267acac9aa0 GCTaskThread "GC Thread#0" [stack: 0x0000009065c00000,0x0000009065d00000] [id=18452]
  0x00000267c9299150 GCTaskThread "GC Thread#1" [stack: 0x0000009066e00000,0x0000009066f00000] [id=20580]
  0x00000267c961f8c0 GCTaskThread "GC Thread#2" [stack: 0x0000009066f00000,0x0000009067000000] [id=21336]
  0x00000267c961fb70 GCTaskThread "GC Thread#3" [stack: 0x0000009067000000,0x0000009067100000] [id=9152]
  0x00000267acad5e30 ConcurrentGCThread "G1 Main Marker" [stack: 0x0000009065d00000,0x0000009065e00000] [id=14928]
  0x00000267acad6f30 ConcurrentGCThread "G1 Conc#0" [stack: 0x0000009065e00000,0x0000009065f00000] [id=12576]
  0x00000267acb36640 ConcurrentGCThread "G1 Refine#0" [stack: 0x0000009065f00000,0x0000009066000000] [id=18708]
  0x00000267acb37750 ConcurrentGCThread "G1 Service" [stack: 0x0000009066000000,0x0000009066100000] [id=20672]

Threads with active compile tasks:

VM state: not at safepoint (normal execution)

VM Mutex/Monitor currently owned by a thread:  ([mutex/lock_event])
[0x00000267aca6bb00] Metaspace_lock - owner thread: 0x00000267ca083cb0

Heap address: 0x0000000749c00000, size: 2916 MB, Compressed Oops mode: Zero based, Oop shift amount: 3

CDS archive(s) not mapped
Compressed class space mapped at: 0x0000000800000000-0x0000000840000000, reserved size: 1073741824
Narrow klass base: 0x0000000800000000, Narrow klass shift: 0, Narrow klass range: 0x40000000

GC Precious Log:
 CPUs: 4 total, 4 available
 Memory: 11662M
 Large Page Support: Disabled
 NUMA Support: Disabled
 Compressed Oops: Enabled (Zero based)
 Heap Region Size: 2M
 Heap Min Capacity: 8M
 Heap Initial Capacity: 184M
 Heap Max Capacity: 2916M
 Pre-touch: Disabled
 Parallel Workers: 4
 Concurrent Workers: 1
 Concurrent Refinement Workers: 4
 Periodic GC: Disabled

Heap:
 garbage-first heap   total 55296K, used 27588K [0x0000000749c00000, 0x0000000800000000)
  region size 2048K, 7 young (14336K), 2 survivors (4096K)
 Metaspace       used 23887K, committed 24128K, reserved 1073152K
  class space    used 2672K, committed 2752K, reserved 1048576K

Heap Regions: E=young(eden), S=young(survivor), O=old, HS=humongous(starts), HC=humongous(continues), CS=collection set, F=free, OA=open archive, CA=closed archive, TAMS=top-at-mark-start (previous, next)
|   0|0x0000000749c00000, 0x0000000749e00000, 0x0000000749e00000|100%|HS|  |TAMS 0x0000000749e00000, 0x0000000749c00000| Complete 
|   1|0x0000000749e00000, 0x000000074a000000, 0x000000074a000000|100%|HS|  |TAMS 0x000000074a000000, 0x0000000749e00000| Complete 
|   2|0x000000074a000000, 0x000000074a200000, 0x000000074a200000|100%| O|  |TAMS 0x000000074a200000, 0x000000074a000000| Untracked 
|   3|0x000000074a200000, 0x000000074a400000, 0x000000074a400000|100%| O|  |TAMS 0x000000074a400000, 0x000000074a200000| Untracked 
|   4|0x000000074a400000, 0x000000074a594400, 0x000000074a600000| 78%| O|  |TAMS 0x000000074a594400, 0x000000074a400000| Complete 
|   5|0x000000074a600000, 0x000000074a800000, 0x000000074a800000|100%|HS|  |TAMS 0x000000074a600000, 0x000000074a600000| Complete 
|   6|0x000000074a800000, 0x000000074aa00000, 0x000000074aa00000|100%|HC|  |TAMS 0x000000074a800000, 0x000000074a800000| Complete 
|   7|0x000000074aa00000, 0x000000074ac00000, 0x000000074ac00000|100%|HC|  |TAMS 0x000000074aa00000, 0x000000074aa00000| Complete 
|   8|0x000000074ac00000, 0x000000074ac00000, 0x000000074ae00000|  0%| F|  |TAMS 0x000000074ac00000, 0x000000074ac00000| Untracked 
|   9|0x000000074ae00000, 0x000000074ae00000, 0x000000074b000000|  0%| F|  |TAMS 0x000000074ae00000, 0x000000074ae00000| Untracked 
|  10|0x000000074b000000, 0x000000074b000000, 0x000000074b200000|  0%| F|  |TAMS 0x000000074b000000, 0x000000074b000000| Untracked 
|  11|0x000000074b200000, 0x000000074b200000, 0x000000074b400000|  0%| F|  |TAMS 0x000000074b200000, 0x000000074b200000| Untracked 
|  12|0x000000074b400000, 0x000000074b400000, 0x000000074b600000|  0%| F|  |TAMS 0x000000074b400000, 0x000000074b400000| Untracked 
|  13|0x000000074b600000, 0x000000074b600000, 0x000000074b800000|  0%| F|  |TAMS 0x000000074b600000, 0x000000074b600000| Untracked 
|  14|0x000000074b800000, 0x000000074b800000, 0x000000074ba00000|  0%| F|  |TAMS 0x000000074b800000, 0x000000074b800000| Untracked 
|  15|0x000000074ba00000, 0x000000074ba00000, 0x000000074bc00000|  0%| F|  |TAMS 0x000000074ba00000, 0x000000074ba00000| Untracked 
|  16|0x000000074bc00000, 0x000000074bc00000, 0x000000074be00000|  0%| F|  |TAMS 0x000000074bc00000, 0x000000074bc00000| Untracked 
|  17|0x000000074be00000, 0x000000074be00000, 0x000000074c000000|  0%| F|  |TAMS 0x000000074be00000, 0x000000074be00000| Untracked 
|  18|0x000000074c000000, 0x000000074c000000, 0x000000074c200000|  0%| F|  |TAMS 0x000000074c000000, 0x000000074c000000| Untracked 
|  19|0x000000074c200000, 0x000000074c200000, 0x000000074c400000|  0%| F|  |TAMS 0x000000074c200000, 0x000000074c200000| Untracked 
|  20|0x000000074c400000, 0x000000074c4e2670, 0x000000074c600000| 44%| E|  |TAMS 0x000000074c400000, 0x000000074c400000| Complete 
|  21|0x000000074c600000, 0x000000074c800000, 0x000000074c800000|100%| E|CS|TAMS 0x000000074c600000, 0x000000074c600000| Complete 
|  22|0x000000074c800000, 0x000000074ca00000, 0x000000074ca00000|100%| E|CS|TAMS 0x000000074c800000, 0x000000074c800000| Complete 
|  23|0x000000074ca00000, 0x000000074cc00000, 0x000000074cc00000|100%| E|CS|TAMS 0x000000074ca00000, 0x000000074ca00000| Complete 
|  78|0x0000000753800000, 0x000000075395ceb0, 0x0000000753a00000| 68%| S|CS|TAMS 0x0000000753800000, 0x0000000753800000| Complete 
|  79|0x0000000753a00000, 0x0000000753c00000, 0x0000000753c00000|100%| S|CS|TAMS 0x0000000753a00000, 0x0000000753a00000| Complete 
|  91|0x0000000755200000, 0x0000000755400000, 0x0000000755400000|100%| E|CS|TAMS 0x0000000755200000, 0x0000000755200000| Complete 

Card table byte_map: [0x00000267bf6f0000,0x00000267bfcb0000] _byte_map_base: 0x00000267bbca2000

Marking Bits (Prev, Next): (CMBitMap*) 0x00000267acac9f00, (CMBitMap*) 0x00000267acac9ec0
 Prev Bits: [0x00000267c3000000, 0x00000267c5d90000)
 Next Bits: [0x00000267c0270000, 0x00000267c3000000)

Polling page: 0x00000267aaa20000

Metaspace:

Usage:
  Non-class:     20.72 MB used.
      Class:      2.61 MB used.
       Both:     23.33 MB used.

Virtual space:
  Non-class space:       24.00 MB reserved,      20.88 MB ( 87%) committed,  3 nodes.
      Class space:        1.00 GB reserved,       2.69 MB ( <1%) committed,  1 nodes.
             Both:        1.02 GB reserved,      23.56 MB (  2%) committed. 

Chunk freelists:
   Non-Class:  3.16 MB
       Class:  1.17 MB
        Both:  4.33 MB

MaxMetaspaceSize: unlimited
CompressedClassSpaceSize: 1.00 GB
Initial GC threshold: 21.00 MB
Current GC threshold: 35.44 MB
CDS: off
MetaspaceReclaimPolicy: balanced
 - commit_granule_bytes: 65536.
 - commit_granule_words: 8192.
 - virtual_space_node_default_size: 1048576.
 - enlarge_chunks_in_place: 1.
 - new_chunks_are_fully_committed: 0.
 - uncommit_free_chunks: 1.
 - use_allocation_guard: 0.
 - handle_deallocations: 1.


Internal statistics:

num_allocs_failed_limit: 3.
num_arena_births: 150.
num_arena_deaths: 0.
num_vsnodes_births: 4.
num_vsnodes_deaths: 0.
num_space_committed: 377.
num_space_uncommitted: 0.
num_chunks_returned_to_freelist: 3.
num_chunks_taken_from_freelist: 556.
num_chunk_merges: 3.
num_chunk_splits: 373.
num_chunks_enlarged: 283.
num_purges: 0.
num_inconsistent_stats: 0.

CodeHeap 'non-profiled nmethods': size=120000Kb used=565Kb max_used=565Kb free=119435Kb
 bounds [0x00000267b7c00000, 0x00000267b7e70000, 0x00000267bf130000]
CodeHeap 'profiled nmethods': size=120000Kb used=3193Kb max_used=3193Kb free=116806Kb
 bounds [0x00000267b06d0000, 0x00000267b09f0000, 0x00000267b7c00000]
CodeHeap 'non-nmethods': size=5760Kb used=1235Kb max_used=1261Kb free=4524Kb
 bounds [0x00000267b0130000, 0x00000267b03a0000, 0x00000267b06d0000]
 total_blobs=2221 nmethods=1680 adapters=454
 compilation: enabled
              stopped_count=0, restarted_count=0
 full_count=0

Compilation events (20 events):
Event: 1.726 Thread 0x00000267c8c28d30 1672       3       java.lang.Character::isISOControl (25 bytes)
Event: 1.726 Thread 0x00000267c8c28d30 nmethod 1672 0x00000267b09eb410 code [0x00000267b09eb5a0, 0x00000267b09eb758]
Event: 1.728 Thread 0x00000267c9bab9b0 1673       4       java.lang.String::regionMatches (150 bytes)
Event: 1.734 Thread 0x00000267c9bab9b0 nmethod 1673 0x00000267b7c88890 code [0x00000267b7c88a40, 0x00000267b7c89298]
Event: 1.736 Thread 0x00000267c9bab9b0 1674       4       java.lang.String::getBytes (44 bytes)
Event: 1.737 Thread 0x00000267c9bab9b0 nmethod 1674 0x00000267b7c89810 code [0x00000267b7c89980, 0x00000267b7c89ad8]
Event: 1.740 Thread 0x00000267c8c28d30 1675       3       java.lang.Class::privateGetDeclaredMethods (64 bytes)
Event: 1.740 Thread 0x00000267c8c28d30 nmethod 1675 0x00000267b09eb810 code [0x00000267b09eba40, 0x00000267b09ec258]
Event: 1.740 Thread 0x00000267c8c28d30 1676       1       java.lang.reflect.Method::getRoot (5 bytes)
Event: 1.740 Thread 0x00000267c8c28d30 nmethod 1676 0x00000267b7c89c10 code [0x00000267b7c89da0, 0x00000267b7c89e78]
Event: 1.741 Thread 0x00000267c8c28d30 1677       3       java.lang.Class::newReflectionData (66 bytes)
Event: 1.742 Thread 0x00000267c8c28d30 nmethod 1677 0x00000267b09ec490 code [0x00000267b09ec6a0, 0x00000267b09ecfb8]
Event: 1.742 Thread 0x00000267c8c28d30 1678       3       java.lang.PublicMethods$MethodList::filter (104 bytes)
Event: 1.742 Thread 0x00000267c8c28d30 nmethod 1678 0x00000267b09ed290 code [0x00000267b09ed4c0, 0x00000267b09edf58]
Event: 1.743 Thread 0x00000267c9bab9b0 1679       4       java.lang.StringConcatHelper::prepend (37 bytes)
Event: 1.744 Thread 0x00000267c9bab9b0 nmethod 1679 0x00000267b7c89f10 code [0x00000267b7c8a0a0, 0x00000267b7c8a238]
Event: 1.744 Thread 0x00000267c8c258d0 1680   !   4       java.util.concurrent.ConcurrentHashMap::transfer (849 bytes)
Event: 1.757 Thread 0x00000267c9bab9b0 1681   !   4       java.util.zip.Inflater::inflate (418 bytes)
Event: 1.761 Thread 0x00000267c9bab9b0 nmethod 1681 0x00000267b7c8a410 code [0x00000267b7c8a5c0, 0x00000267b7c8acf8]
Event: 1.767 Thread 0x00000267c8c258d0 nmethod 1680 0x00000267b7c8b390 code [0x00000267b7c8b560, 0x00000267b7c8cc88]

GC Heap History (6 events):
Event: 0.848 GC heap before
{Heap before GC invocations=0 (full 0):
 garbage-first heap   total 188416K, used 14336K [0x0000000749c00000, 0x0000000800000000)
  region size 2048K, 6 young (12288K), 0 survivors (0K)
 Metaspace       used 10193K, committed 10304K, reserved 1064960K
  class space    used 972K, committed 1024K, reserved 1048576K
}
Event: 0.851 GC heap after
{Heap after GC invocations=1 (full 0):
 garbage-first heap   total 188416K, used 9660K [0x0000000749c00000, 0x0000000800000000)
  region size 2048K, 1 young (2048K), 1 survivors (2048K)
 Metaspace       used 10193K, committed 10304K, reserved 1064960K
  class space    used 972K, committed 1024K, reserved 1048576K
}
Event: 1.083 GC heap before
{Heap before GC invocations=1 (full 0):
 garbage-first heap   total 188416K, used 17852K [0x0000000749c00000, 0x0000000800000000)
  region size 2048K, 5 young (10240K), 1 survivors (2048K)
 Metaspace       used 13280K, committed 13504K, reserved 1064960K
  class space    used 1370K, committed 1472K, reserved 1048576K
}
Event: 1.085 GC heap after
{Heap after GC invocations=2 (full 0):
 garbage-first heap   total 188416K, used 10523K [0x0000000749c00000, 0x0000000800000000)
  region size 2048K, 1 young (2048K), 1 survivors (2048K)
 Metaspace       used 13280K, committed 13504K, reserved 1064960K
  class space    used 1370K, committed 1472K, reserved 1048576K
}
Event: 1.578 GC heap before
{Heap before GC invocations=2 (full 0):
 garbage-first heap   total 188416K, used 31003K [0x0000000749c00000, 0x0000000800000000)
  region size 2048K, 12 young (24576K), 1 survivors (2048K)
 Metaspace       used 21395K, committed 21504K, reserved 1073152K
  class space    used 2322K, committed 2368K, reserved 1048576K
}
Event: 1.581 GC heap after
{Heap after GC invocations=3 (full 0):
 garbage-first heap   total 188416K, used 13252K [0x0000000749c00000, 0x0000000800000000)
  region size 2048K, 2 young (4096K), 2 survivors (4096K)
 Metaspace       used 21395K, committed 21504K, reserved 1073152K
  class space    used 2322K, committed 2368K, reserved 1048576K
}

Deoptimization events (20 events):
Event: 1.535 Thread 0x00000267aca6fe70 DEOPT PACKING pc=0x00000267b7c74e14 sp=0x0000009065bfe310
Event: 1.535 Thread 0x00000267aca6fe70 DEOPT UNPACKING pc=0x00000267b01823a3 sp=0x0000009065bfe240 mode 2
Event: 1.536 Thread 0x00000267aca6fe70 Uncommon trap: trap_request=0xffffffc6 fr.pc=0x00000267b7c74e14 relative=0x00000000000005d4
Event: 1.536 Thread 0x00000267aca6fe70 Uncommon trap: reason=bimorphic_or_optimized_type_check action=maybe_recompile pc=0x00000267b7c74e14 method=java.util.regex.Pattern$Start.match(Ljava/util/regex/Matcher;ILjava/lang/CharSequence;)Z @ 44 c2
Event: 1.536 Thread 0x00000267aca6fe70 DEOPT PACKING pc=0x00000267b7c74e14 sp=0x0000009065bfe310
Event: 1.536 Thread 0x00000267aca6fe70 DEOPT UNPACKING pc=0x00000267b01823a3 sp=0x0000009065bfe240 mode 2
Event: 1.536 Thread 0x00000267aca6fe70 Uncommon trap: trap_request=0xffffffc6 fr.pc=0x00000267b7c74e14 relative=0x00000000000005d4
Event: 1.536 Thread 0x00000267aca6fe70 Uncommon trap: reason=bimorphic_or_optimized_type_check action=maybe_recompile pc=0x00000267b7c74e14 method=java.util.regex.Pattern$Start.match(Ljava/util/regex/Matcher;ILjava/lang/CharSequence;)Z @ 44 c2
Event: 1.536 Thread 0x00000267aca6fe70 DEOPT PACKING pc=0x00000267b7c74e14 sp=0x0000009065bfe310
Event: 1.536 Thread 0x00000267aca6fe70 DEOPT UNPACKING pc=0x00000267b01823a3 sp=0x0000009065bfe240 mode 2
Event: 1.665 Thread 0x00000267aca6fe70 Uncommon trap: trap_request=0xffffff45 fr.pc=0x00000267b7c53248 relative=0x00000000000000a8
Event: 1.665 Thread 0x00000267aca6fe70 Uncommon trap: reason=unstable_if action=reinterpret pc=0x00000267b7c53248 method=java.lang.CharacterDataLatin1.digit(II)I @ 12 c2
Event: 1.665 Thread 0x00000267aca6fe70 DEOPT PACKING pc=0x00000267b7c53248 sp=0x0000009065bfe0f0
Event: 1.665 Thread 0x00000267aca6fe70 DEOPT UNPACKING pc=0x00000267b01823a3 sp=0x0000009065bfe068 mode 2
Event: 1.725 Thread 0x00000267ca083cb0 Uncommon trap: trap_request=0xffffff45 fr.pc=0x00000267b7c4d748 relative=0x0000000000000048
Event: 1.725 Thread 0x00000267ca083cb0 Uncommon trap: reason=unstable_if action=reinterpret pc=0x00000267b7c4d748 method=java.lang.CharacterData.of(I)Ljava/lang/CharacterData; @ 4 c2
Event: 1.725 Thread 0x00000267ca083cb0 DEOPT PACKING pc=0x00000267b7c4d748 sp=0x0000009067cfdbb0
Event: 1.725 Thread 0x00000267ca083cb0 DEOPT UNPACKING pc=0x00000267b01823a3 sp=0x0000009067cfdb48 mode 2
Event: 1.744 Thread 0x00000267ca083cb0 DEOPT PACKING pc=0x00000267b08d937d sp=0x0000009067cfa530
Event: 1.744 Thread 0x00000267ca083cb0 DEOPT UNPACKING pc=0x00000267b0182b43 sp=0x0000009067cf9a40 mode 0

Classes unloaded (0 events):
No events

Classes redefined (0 events):
No events

Internal exceptions (20 events):
Event: 1.009 Thread 0x00000267aca6fe70 Exception <a 'java/lang/NoSuchMethodError'{0x0000000754f7a388}: 'java.lang.Object java.lang.invoke.DirectMethodHandle$Holder.invokeStatic(java.lang.Object, java.lang.Object, int)'> (0x0000000754f7a388) 
thrown [e:\jenkins\tmp\workspace\build\src\src\hotspot\share\interpreter\linkResolver.cpp, line 766]
Event: 1.010 Thread 0x00000267aca6fe70 Exception <a 'java/lang/NoSuchMethodError'{0x0000000754f864d0}: 'void java.lang.invoke.DelegatingMethodHandle$Holder.delegate(java.lang.Object, java.lang.Object, int, java.lang.Object)'> (0x0000000754f864d0) 
thrown [e:\jenkins\tmp\workspace\build\src\src\hotspot\share\interpreter\linkResolver.cpp, line 766]
Event: 1.010 Thread 0x00000267aca6fe70 Exception <a 'java/lang/NoSuchMethodError'{0x0000000754f8a590}: 'int java.lang.invoke.DirectMethodHandle$Holder.invokeSpecial(java.lang.Object, java.lang.Object, java.lang.Object)'> (0x0000000754f8a590) 
thrown [e:\jenkins\tmp\workspace\build\src\src\hotspot\share\interpreter\linkResolver.cpp, line 766]
Event: 1.015 Thread 0x00000267aca6fe70 Exception <a 'java/lang/NoSuchMethodError'{0x0000000754fa56d8}: 'java.lang.Object java.lang.invoke.Invokers$Holder.invokeExact_MT(java.lang.Object, java.lang.Object, java.lang.Object, java.lang.Object)'> (0x0000000754fa56d8) 
thrown [e:\jenkins\tmp\workspace\build\src\src\hotspot\share\interpreter\linkResolver.cpp, line 766]
Event: 1.016 Thread 0x00000267aca6fe70 Exception <a 'java/lang/NoSuchMethodError'{0x0000000754fa96f8}: 'java.lang.Object java.lang.invoke.Invokers$Holder.invokeExact_MT(java.lang.Object, java.lang.Object, java.lang.Object)'> (0x0000000754fa96f8) 
thrown [e:\jenkins\tmp\workspace\build\src\src\hotspot\share\interpreter\linkResolver.cpp, line 766]
Event: 1.017 Thread 0x00000267aca6fe70 Exception <a 'java/lang/NoSuchMethodError'{0x0000000754fb4988}: 'java.lang.Object java.lang.invoke.DirectMethodHandle$Holder.newInvokeSpecial(java.lang.Object, int, java.lang.Object)'> (0x0000000754fb4988) 
thrown [e:\jenkins\tmp\workspace\build\src\src\hotspot\share\interpreter\linkResolver.cpp, line 766]
Event: 1.022 Thread 0x00000267aca6fe70 Exception <a 'java/lang/NoSuchMethodError'{0x0000000754fd9e10}: 'java.lang.Object java.lang.invoke.DirectMethodHandle$Holder.invokeInterface(java.lang.Object, java.lang.Object)'> (0x0000000754fd9e10) 
thrown [e:\jenkins\tmp\workspace\build\src\src\hotspot\share\interpreter\linkResolver.cpp, line 766]
Event: 1.022 Thread 0x00000267aca6fe70 Exception <a 'java/lang/IncompatibleClassChangeError'{0x0000000754fdd608}: Found class java.lang.Object, but interface was expected> (0x0000000754fdd608) 
thrown [e:\jenkins\tmp\workspace\build\src\src\hotspot\share\interpreter\linkResolver.cpp, line 833]
Event: 1.024 Thread 0x00000267aca6fe70 Exception <a 'java/lang/NoSuchMethodError'{0x0000000754fe7d20}: 'void java.lang.invoke.DirectMethodHandle$Holder.invokeSpecial(java.lang.Object, java.lang.Object, java.lang.Object)'> (0x0000000754fe7d20) 
thrown [e:\jenkins\tmp\workspace\build\src\src\hotspot\share\interpreter\linkResolver.cpp, line 766]
Event: 1.025 Thread 0x00000267aca6fe70 Exception <a 'java/lang/NoSuchMethodError'{0x0000000754ff4648}: 'void java.lang.invoke.DirectMethodHandle$Holder.invokeSpecial(java.lang.Object, java.lang.Object, java.lang.Object, java.lang.Object, java.lang.Object)'> (0x0000000754ff4648) 
thrown [e:\jenkins\tmp\workspace\build\src\src\hotspot\share\interpreter\linkResolver.cpp, line 766]
Event: 1.188 Thread 0x00000267aca6fe70 Exception <a 'sun/nio/fs/WindowsException'{0x00000007551b2b78}> (0x00000007551b2b78) 
thrown [e:\jenkins\tmp\workspace\build\src\src\hotspot\share\prims\jni.cpp, line 516]
Event: 1.194 Thread 0x00000267aca6fe70 Exception <a 'java/lang/NoSuchMethodError'{0x00000007551d3700}: 'int java.lang.invoke.DirectMethodHandle$Holder.invokeStaticInit(java.lang.Object, java.lang.Object, java.lang.Object, java.lang.Object)'> (0x00000007551d3700) 
thrown [e:\jenkins\tmp\workspace\build\src\src\hotspot\share\interpreter\linkResolver.cpp, line 766]
Event: 1.195 Thread 0x00000267aca6fe70 Exception <a 'java/lang/IncompatibleClassChangeError'{0x00000007551dc8a8}: Found class java.lang.Object, but interface was expected> (0x00000007551dc8a8) 
thrown [e:\jenkins\tmp\workspace\build\src\src\hotspot\share\interpreter\linkResolver.cpp, line 833]
Event: 1.449 Thread 0x00000267aca6fe70 Exception <a 'java/lang/NoSuchMethodError'{0x0000000754100c20}: 'java.lang.Object java.lang.invoke.DirectMethodHandle$Holder.invokeInterface(java.lang.Object, java.lang.Object, java.lang.Object)'> (0x0000000754100c20) 
thrown [e:\jenkins\tmp\workspace\build\src\src\hotspot\share\interpreter\linkResolver.cpp, line 766]
Event: 1.450 Thread 0x00000267aca6fe70 Exception <a 'java/lang/IncompatibleClassChangeError'{0x00000007541042e8}: Found class java.lang.Object, but interface was expected> (0x00000007541042e8) 
thrown [e:\jenkins\tmp\workspace\build\src\src\hotspot\share\interpreter\linkResolver.cpp, line 833]
Event: 1.451 Thread 0x00000267aca6fe70 Exception <a 'java/lang/NoSuchMethodError'{0x000000075410c6c8}: 'int java.lang.invoke.DirectMethodHandle$Holder.invokeSpecialIFC(java.lang.Object, java.lang.Object, java.lang.Object, java.lang.Object)'> (0x000000075410c6c8) 
thrown [e:\jenkins\tmp\workspace\build\src\src\hotspot\share\interpreter\linkResolver.cpp, line 766]
Event: 1.555 Thread 0x00000267aca6fe70 Exception <a 'java/lang/NoSuchMethodError'{0x0000000753f75f70}: 'java.lang.Object java.lang.invoke.DirectMethodHandle$Holder.newInvokeSpecial(java.lang.Object, java.lang.Object, int, int)'> (0x0000000753f75f70) 
thrown [e:\jenkins\tmp\workspace\build\src\src\hotspot\share\interpreter\linkResolver.cpp, line 766]
Event: 1.557 Thread 0x00000267aca6fe70 Exception <a 'java/lang/NoSuchMethodError'{0x0000000753f80d70}: 'void java.lang.invoke.DirectMethodHandle$Holder.invokeStatic(java.lang.Object, java.lang.Object, int)'> (0x0000000753f80d70) 
thrown [e:\jenkins\tmp\workspace\build\src\src\hotspot\share\interpreter\linkResolver.cpp, line 766]
Event: 1.568 Thread 0x00000267aca6fe70 Exception <a 'java/lang/NoSuchMethodError'{0x0000000753c163b0}: 'java.lang.Object java.lang.invoke.DirectMethodHandle$Holder.newInvokeSpecial(java.lang.Object, java.lang.Object, java.lang.Object, java.lang.Object, java.lang.Object)'> (0x0000000753c163b0) 
thrown [e:\jenkins\tmp\workspace\build\src\src\hotspot\share\interpreter\linkResolver.cpp, line 766]
Event: 1.603 Thread 0x00000267aca6fe70 Exception <a 'java/lang/NoSuchMethodError'{0x00000007552e14e0}: 'int java.lang.invoke.DirectMethodHandle$Holder.invokeSpecialIFC(java.lang.Object, java.lang.Object, java.lang.Object)'> (0x00000007552e14e0) 
thrown [e:\jenkins\tmp\workspace\build\src\src\hotspot\share\interpreter\linkResolver.cpp, line 766]

VM Operations (20 events):
Event: 1.166 Executing VM operation: HandshakeAllThreads
Event: 1.166 Executing VM operation: HandshakeAllThreads done
Event: 1.361 Executing VM operation: HandshakeAllThreads
Event: 1.361 Executing VM operation: HandshakeAllThreads done
Event: 1.462 Executing VM operation: HandshakeAllThreads
Event: 1.462 Executing VM operation: HandshakeAllThreads done
Event: 1.525 Executing VM operation: HandshakeAllThreads
Event: 1.525 Executing VM operation: HandshakeAllThreads done
Event: 1.527 Executing VM operation: HandshakeAllThreads
Event: 1.527 Executing VM operation: HandshakeAllThreads done
Event: 1.536 Executing VM operation: ICBufferFull
Event: 1.536 Executing VM operation: ICBufferFull done
Event: 1.577 Executing VM operation: CollectForMetadataAllocation
Event: 1.581 Executing VM operation: CollectForMetadataAllocation done
Event: 1.587 Executing VM operation: G1Concurrent
Event: 1.588 Executing VM operation: G1Concurrent done
Event: 1.590 Executing VM operation: G1Concurrent
Event: 1.591 Executing VM operation: G1Concurrent done
Event: 1.725 Executing VM operation: HandshakeAllThreads
Event: 1.725 Executing VM operation: HandshakeAllThreads done

Events (20 events):
Event: 1.725 loading class java/lang/CharacterDataUndefined
Event: 1.725 loading class java/lang/CharacterDataUndefined done
Event: 1.742 loading class java/nio/channels/UnsupportedAddressTypeException
Event: 1.742 loading class java/nio/channels/UnsupportedAddressTypeException done
Event: 1.746 loading class java/nio/channels/spi/AbstractSelector$1
Event: 1.746 loading class java/nio/channels/spi/AbstractSelector$1 done
Event: 1.751 loading class java/io/PushbackInputStream
Event: 1.751 loading class java/io/PushbackInputStream done
Event: 1.763 loading class java/nio/charset/IllegalCharsetNameException
Event: 1.763 loading class java/nio/charset/IllegalCharsetNameException done
Event: 1.763 loading class java/nio/charset/UnsupportedCharsetException
Event: 1.763 loading class java/nio/charset/UnsupportedCharsetException done
Event: 1.767 loading class sun/nio/ch/IOVecWrapper
Event: 1.767 loading class sun/nio/ch/IOVecWrapper done
Event: 1.767 loading class sun/nio/ch/AllocatedNativeObject
Event: 1.767 loading class sun/nio/ch/NativeObject
Event: 1.767 loading class sun/nio/ch/NativeObject done
Event: 1.767 loading class sun/nio/ch/AllocatedNativeObject done
Event: 1.767 loading class sun/nio/ch/IOVecWrapper$Deallocator
Event: 1.767 loading class sun/nio/ch/IOVecWrapper$Deallocator done


Dynamic libraries:
0x00007ff643530000 - 0x00007ff64353e000 	D:\Software\eclipse\plugins\org.eclipse.justj.openjdk.hotspot.jre.full.win32.x86_64_17.0.3.v20220515-1416\jre\bin\javaw.exe
0x00007ffa11290000 - 0x00007ffa11488000 	C:\Windows\SYSTEM32\ntdll.dll
0x00007ffa0fca0000 - 0x00007ffa0fd5f000 	C:\Windows\System32\KERNEL32.DLL
0x00007ffa0eed0000 - 0x00007ffa0f1c6000 	C:\Windows\System32\KERNELBASE.dll
0x00007ffa0ec30000 - 0x00007ffa0ed30000 	C:\Windows\System32\ucrtbase.dll
0x00007ff9ff110000 - 0x00007ff9ff129000 	D:\Software\eclipse\plugins\org.eclipse.justj.openjdk.hotspot.jre.full.win32.x86_64_17.0.3.v20220515-1416\jre\bin\VCRUNTIME140.dll
0x00007ff9fd840000 - 0x00007ff9fd858000 	D:\Software\eclipse\plugins\org.eclipse.justj.openjdk.hotspot.jre.full.win32.x86_64_17.0.3.v20220515-1416\jre\bin\jli.dll
0x00007ffa10780000 - 0x00007ffa1091d000 	C:\Windows\System32\USER32.dll
0x00007ffa0ed30000 - 0x00007ffa0ed52000 	C:\Windows\System32\win32u.dll
0x00007ffa110e0000 - 0x00007ffa1110c000 	C:\Windows\System32\GDI32.dll
0x00007ffa04830000 - 0x00007ffa04aca000 	C:\Windows\WinSxS\amd64_microsoft.windows.common-controls_6595b64144ccf1df_6.0.19041.1110_none_60b5254171f9507e\COMCTL32.dll
0x00007ffa0f1d0000 - 0x00007ffa0f2e5000 	C:\Windows\System32\gdi32full.dll
0x00007ffa0fd70000 - 0x00007ffa0fe0e000 	C:\Windows\System32\msvcrt.dll
0x00007ffa0eb20000 - 0x00007ffa0ebbd000 	C:\Windows\System32\msvcp_win.dll
0x00007ffa0f7d0000 - 0x00007ffa0f800000 	C:\Windows\System32\IMM32.DLL
0x00007ffa08050000 - 0x00007ffa0805c000 	D:\Software\eclipse\plugins\org.eclipse.justj.openjdk.hotspot.jre.full.win32.x86_64_17.0.3.v20220515-1416\jre\bin\vcruntime140_1.dll
0x00007ff9e5bd0000 - 0x00007ff9e5c61000 	D:\Software\eclipse\plugins\org.eclipse.justj.openjdk.hotspot.jre.full.win32.x86_64_17.0.3.v20220515-1416\jre\bin\msvcp140.dll
0x00007ff9c55a0000 - 0x00007ff9c61e8000 	D:\Software\eclipse\plugins\org.eclipse.justj.openjdk.hotspot.jre.full.win32.x86_64_17.0.3.v20220515-1416\jre\bin\server\jvm.dll
0x00007ffa106d0000 - 0x00007ffa1077f000 	C:\Windows\System32\ADVAPI32.dll
0x00007ffa0f990000 - 0x00007ffa0fa2c000 	C:\Windows\System32\sechost.dll
0x00007ffa0fa30000 - 0x00007ffa0fb56000 	C:\Windows\System32\RPCRT4.dll
0x00007ffa0fb60000 - 0x00007ffa0fb68000 	C:\Windows\System32\PSAPI.DLL
0x00007ffa0ce40000 - 0x00007ffa0ce67000 	C:\Windows\SYSTEM32\WINMM.dll
0x00007ffa07570000 - 0x00007ffa0757a000 	C:\Windows\SYSTEM32\VERSION.dll
0x00007ffa0b670000 - 0x00007ffa0b679000 	C:\Windows\SYSTEM32\WSOCK32.dll
0x00007ffa10f50000 - 0x00007ffa10fbb000 	C:\Windows\System32\WS2_32.dll
0x00007ffa0d1c0000 - 0x00007ffa0d1d2000 	C:\Windows\SYSTEM32\kernel.appcore.dll
0x00007ffa09a70000 - 0x00007ffa09a7a000 	D:\Software\eclipse\plugins\org.eclipse.justj.openjdk.hotspot.jre.full.win32.x86_64_17.0.3.v20220515-1416\jre\bin\jimage.dll
0x00007ffa0c470000 - 0x00007ffa0c654000 	C:\Windows\SYSTEM32\DBGHELP.DLL
0x00007ffa0ce00000 - 0x00007ffa0ce34000 	C:\Windows\SYSTEM32\dbgcore.DLL
0x00007ffa0ed60000 - 0x00007ffa0ede2000 	C:\Windows\System32\bcryptPrimitives.dll
0x00007ff9fbf60000 - 0x00007ff9fbf85000 	D:\Software\eclipse\plugins\org.eclipse.justj.openjdk.hotspot.jre.full.win32.x86_64_17.0.3.v20220515-1416\jre\bin\java.dll
0x00007ffa05880000 - 0x00007ffa05898000 	D:\Software\eclipse\plugins\org.eclipse.justj.openjdk.hotspot.jre.full.win32.x86_64_17.0.3.v20220515-1416\jre\bin\zip.dll
0x00007ffa0fe70000 - 0x00007ffa105b4000 	C:\Windows\System32\SHELL32.dll
0x00007ffa0c660000 - 0x00007ffa0cdf3000 	C:\Windows\SYSTEM32\windows.storage.dll
0x00007ffa0f390000 - 0x00007ffa0f6e4000 	C:\Windows\System32\combase.dll
0x00007ffa0e2f0000 - 0x00007ffa0e31e000 	C:\Windows\SYSTEM32\Wldp.dll
0x00007ffa11110000 - 0x00007ffa111bd000 	C:\Windows\System32\SHCORE.dll
0x00007ffa0f930000 - 0x00007ffa0f985000 	C:\Windows\System32\shlwapi.dll
0x00007ffa0e8b0000 - 0x00007ffa0e8cf000 	C:\Windows\SYSTEM32\profapi.dll
0x00007ff9e5a70000 - 0x00007ff9e5a89000 	D:\Software\eclipse\plugins\org.eclipse.justj.openjdk.hotspot.jre.full.win32.x86_64_17.0.3.v20220515-1416\jre\bin\net.dll
0x00007ffa0baf0000 - 0x00007ffa0bbfa000 	C:\Windows\SYSTEM32\WINHTTP.dll
0x00007ffa0e050000 - 0x00007ffa0e0ba000 	C:\Windows\system32\mswsock.dll
0x00007ff9de250000 - 0x00007ff9de265000 	D:\Software\eclipse\plugins\org.eclipse.justj.openjdk.hotspot.jre.full.win32.x86_64_17.0.3.v20220515-1416\jre\bin\nio.dll
0x00007ffa0dd80000 - 0x00007ffa0de4b000 	C:\Windows\SYSTEM32\DNSAPI.dll
0x00007ffa0dd40000 - 0x00007ffa0dd7c000 	C:\Windows\SYSTEM32\IPHLPAPI.DLL
0x00007ffa10ad0000 - 0x00007ffa10ad8000 	C:\Windows\System32\NSI.dll
0x00007ffa05a10000 - 0x00007ffa05a1a000 	C:\Windows\System32\rasadhlp.dll
0x00007ff9fed70000 - 0x00007ff9fedf2000 	C:\Windows\System32\fwpuclnt.dll
0x00007ffa0edf0000 - 0x00007ffa0ee17000 	C:\Windows\System32\bcrypt.dll
0x00007ffa0e240000 - 0x00007ffa0e258000 	C:\Windows\SYSTEM32\CRYPTSP.dll
0x00007ffa0d970000 - 0x00007ffa0d9a4000 	C:\Windows\system32\rsaenh.dll
0x00007ffa0e870000 - 0x00007ffa0e89e000 	C:\Windows\SYSTEM32\USERENV.dll
0x00007ffa0e260000 - 0x00007ffa0e26c000 	C:\Windows\SYSTEM32\CRYPTBASE.dll
0x00007ffa05a20000 - 0x00007ffa05a37000 	C:\Windows\SYSTEM32\dhcpcsvc6.DLL
0x00007ffa06b70000 - 0x00007ffa06b8d000 	C:\Windows\SYSTEM32\dhcpcsvc.DLL
0x00007ffa0b720000 - 0x00007ffa0b7b1000 	C:\Windows\system32\apphelp.dll
0x00007ffa09a60000 - 0x00007ffa09a70000 	D:\Software\eclipse\plugins\org.eclipse.justj.openjdk.hotspot.jre.full.win32.x86_64_17.0.3.v20220515-1416\jre\bin\verify.dll
0x00007ffa099f0000 - 0x00007ffa099f9000 	D:\Software\eclipse\plugins\org.eclipse.justj.openjdk.hotspot.jre.full.win32.x86_64_17.0.3.v20220515-1416\jre\bin\management.dll
0x00007ffa08060000 - 0x00007ffa0806b000 	D:\Software\eclipse\plugins\org.eclipse.justj.openjdk.hotspot.jre.full.win32.x86_64_17.0.3.v20220515-1416\jre\bin\management_ext.dll
0x00007ff9fa420000 - 0x00007ff9fa42e000 	D:\Software\eclipse\plugins\org.eclipse.justj.openjdk.hotspot.jre.full.win32.x86_64_17.0.3.v20220515-1416\jre\bin\sunmscapi.dll
0x00007ffa0e970000 - 0x00007ffa0eace000 	C:\Windows\System32\CRYPT32.dll
0x00007ffa0e360000 - 0x00007ffa0e388000 	C:\Windows\SYSTEM32\ncrypt.dll
0x00007ffa0e320000 - 0x00007ffa0e35b000 	C:\Windows\SYSTEM32\NTASN1.dll
0x00007ff9ff1d0000 - 0x00007ff9ff1d7000 	C:\Windows\system32\wshunix.dll

dbghelp: loaded successfully - version: 4.0.5 - missing functions: none
symbol engine: initialized successfully - sym options: 0x614 - pdb path: .;D:\Software\eclipse\plugins\org.eclipse.justj.openjdk.hotspot.jre.full.win32.x86_64_17.0.3.v20220515-1416\jre\bin;C:\Windows\SYSTEM32;C:\Windows\WinSxS\amd64_microsoft.windows.common-controls_6595b64144ccf1df_6.0.19041.1110_none_60b5254171f9507e;D:\Software\eclipse\plugins\org.eclipse.justj.openjdk.hotspot.jre.full.win32.x86_64_17.0.3.v20220515-1416\jre\bin\server

VM Arguments:
jvm_args: -Dfile.encoding=UTF-8 -XX:+ShowCodeDetailsInExceptionMessages 
java_command: Synchronization.WebDriverWait
java_class_path (initial): C:\Users\shree\eclipse-workspace\Selenium1\bin;D:\Software\poi-bin-5.2.3\batik-anim-1.14.jar;D:\Software\poi-bin-5.2.3\batik-awt-util-1.14.jar;D:\Software\poi-bin-5.2.3\batik-bridge-1.14.jar;D:\Software\poi-bin-5.2.3\batik-codec-1.14.jar;D:\Software\poi-bin-5.2.3\batik-constants-1.14.jar;D:\Software\poi-bin-5.2.3\batik-css-1.14.jar;D:\Software\poi-bin-5.2.3\batik-dom-1.14.jar;D:\Software\poi-bin-5.2.3\batik-ext-1.14.jar;D:\Software\poi-bin-5.2.3\batik-gvt-1.14.jar;D:\Software\poi-bin-5.2.3\batik-i18n-1.14.jar;D:\Software\poi-bin-5.2.3\batik-parser-1.14.jar;D:\Software\poi-bin-5.2.3\batik-script-1.14.jar;D:\Software\poi-bin-5.2.3\batik-shared-resources-1.14.jar;D:\Software\poi-bin-5.2.3\batik-svg-dom-1.14.jar;D:\Software\poi-bin-5.2.3\batik-svggen-1.14.jar;D:\Software\poi-bin-5.2.3\batik-svgrasterizer-1.14.jar;D:\Software\poi-bin-5.2.3\batik-transcoder-1.14.jar;D:\Software\poi-bin-5.2.3\batik-util-1.14.jar;D:\Software\poi-bin-5.2.3\batik-xml-1.14.jar;D:\Software\poi-bin-5.2.3\bcpkix-jdk15on-1.70.jar;D:\Software\poi-bin-5.2.3\bcprov-jdk15on-1.70.jar;D:\Software\poi-bin-5.2.3\bcutil-jdk15on-1.70.jar;D:\Software\poi-bin-5.2.3\commons-codec-1.15.jar;D:\Software\poi-bin-5.2.3\commons-collections4-4.4.jar;D:\Software\poi-bin-5.2.3\commons-compress-1.21.jar;D:\Software\poi-bin-5.2.3\commons-io-2.11.0.jar;D:\Software\poi-bin-5.2.3\commons-logging-1.2.jar;D:\Software\poi-bin-5.2.3\commons-math3-3.6.1.jar;D:\Software\poi-bin-5.2.3\curvesapi-1.07.jar;D:\Software\poi-bin-5.2.3\fontbox-2.0.26.jar;D:\Software\poi-bin-5.2.3\graphics2d-0.40.jar;D:\Software\poi-bin-5.2.3\jakarta.activation-2.0.1.jar;D:\Software\poi-bin-5.2.3\jakarta.xml.bind-api-3.0.1.jar;D:\Software\poi-bin-5.2.3\log4j-api-2.18.0.jar;D:\Software\poi-bin-5.2.3\pdfbox-2.0.26.jar;D:\Software\poi-bin-5.2.3\poi-5.2.3.jar;D:\Software\poi-bin-5.2.3\poi-examples-5.2.3.jar;D:\Software\poi-bin-5.2.3\poi-excelant-5.2.3.jar;D:\Software\poi-bin-5.2.3\poi-javadoc-5.2.3.jar;D:\Software\poi-bin-5.2.3\po
Launcher Type: SUN_STANDARD

[Global flags]
     intx CICompilerCount                          = 3                                         {product} {ergonomic}
     uint ConcGCThreads                            = 1                                         {product} {ergonomic}
     uint G1ConcRefinementThreads                  = 4                                         {product} {ergonomic}
   size_t G1HeapRegionSize                         = 2097152                                   {product} {ergonomic}
    uintx GCDrainStackTargetSize                   = 64                                        {product} {ergonomic}
   size_t InitialHeapSize                          = 192937984                                 {product} {ergonomic}
   size_t MarkStackSize                            = 4194304                                   {product} {ergonomic}
   size_t MaxHeapSize                              = 3057647616                                {product} {ergonomic}
   size_t MaxNewSize                               = 1832910848                                {product} {ergonomic}
   size_t MinHeapDeltaBytes                        = 2097152                                   {product} {ergonomic}
   size_t MinHeapSize                              = 8388608                                   {product} {ergonomic}
    uintx NonNMethodCodeHeapSize                   = 5832780                                {pd product} {ergonomic}
    uintx NonProfiledCodeHeapSize                  = 122912730                              {pd product} {ergonomic}
    uintx ProfiledCodeHeapSize                     = 122912730                              {pd product} {ergonomic}
    uintx ReservedCodeCacheSize                    = 251658240                              {pd product} {ergonomic}
     bool SegmentedCodeCache                       = true                                      {product} {ergonomic}
     bool ShowCodeDetailsInExceptionMessages       = true                                   {manageable} {command line}
   size_t SoftMaxHeapSize                          = 3057647616                             {manageable} {ergonomic}
     bool UseCompressedClassPointers               = true                           {product lp64_product} {ergonomic}
     bool UseCompressedOops                        = true                           {product lp64_product} {ergonomic}
     bool UseG1GC                                  = true                                      {product} {ergonomic}
     bool UseLargePagesIndividualAllocation        = false                                  {pd product} {ergonomic}

Logging:
Log output configuration:
 #0: stdout all=warning uptime,level,tags
 #1: stderr all=off uptime,level,tags

Environment Variables:
PATH=D:/Software/eclipse//plugins/org.eclipse.justj.openjdk.hotspot.jre.full.win32.x86_64_17.0.3.v20220515-1416/jre/bin/server;D:/Software/eclipse//plugins/org.eclipse.justj.openjdk.hotspot.jre.full.win32.x86_64_17.0.3.v20220515-1416/jre/bin;C:\Program Files\Microsoft MPI\Bin\;D:\Software\oracle\bin;E:\app\gsm\shree\product\19.0.0\dslmhome_2\bin;E:\app\gsm\shree\product\19.0.0\dslmhome_1\bin;C:\Program Files\Common Files\Oracle\Java\javapath;C:\Program Files (x86)\Common Files\Oracle\Java\javapath;C:\Windows\system32;C:\Windows;C:\Windows\System32\Wbem;C:\Windows\System32\WindowsPowerShell\v1.0\;C:\Windows\System32\OpenSSH\;C:\Windows\IsmFiles;C:\Program Files\Microsoft SQL Server\Client SDK\ODBC\170\Tools\Binn\;C:\Program Files (x86)\Microsoft SQL Server\150\Tools\Binn\;C:\Program Files\Microsoft SQL Server\150\Tools\Binn\;C:\Program Files\Microsoft SQL Server\150\DTS\Binn\;C:\Program Files\Azure Data Studio\bin;C:\Program Files\nodejs\;C:\Program Files (x86)\Microsoft SQL Server\160\Tools\Binn\;C:\Program Files\Microsoft SQL Server\160\Tools\Binn\;C:\Program Files\Microsoft SQL Server\160\DTS\Binn\;C:\Program Files (x86)\Microsoft SQL Server\160\DTS\Binn\;C:\Program Files\Git\cmd;C:\Program Files\MySQL\MySQL Shell 8.0\bin\;C:\Users\shree\AppData\Local\Microsoft\WindowsApps;C:\Users\shree\AppData\Local\Programs\Microsoft VS Code\bin;C:\Program Files\Azure Data Studio\bin;C:\Users\shree\AppData\Roaming\npm;C:\Program Files\Java\jdk-20\bin;;D:\Software\eclipse;
USERNAME=shree
OS=Windows_NT
PROCESSOR_IDENTIFIER=Intel64 Family 6 Model 142 Stepping 12, GenuineIntel



---------------  S Y S T E M  ---------------

OS:
 Windows 10 , 64 bit Build 19041 (10.0.19041.2913)
OS uptime: 5 days 8:29 hours

CPU: total 4 (initial active 4) (2 cores per cpu, 2 threads per core) family 6 model 142 stepping 12 microcode 0xc6, cx8, cmov, fxsr, ht, mmx, 3dnowpref, sse, sse2, sse3, ssse3, sse4.1, sse4.2, popcnt, lzcnt, tsc, tscinvbit, avx, avx2, aes, erms, clmul, bmi1, bmi2, adx, fma, vzeroupper, clflush, clflushopt

Memory: 4k page, system-wide physical 11662M (1766M free)
TotalPageFile size 11662M (AvailPageFile size 32M)
current process WorkingSet (physical memory assigned to process): 104M, peak: 105M
current process commit charge ("private bytes"): 158M, peak: 286M

vm_info: OpenJDK 64-Bit Server VM (17.0.3+7) for windows-amd64 JRE (17.0.3+7), built on Apr 19 2022 16:55:35 by "" with MS VC++ 16.7 (VS2019)

END.
